[0.063s] DEBUG:colcon:Command line arguments: ['/usr/bin/colcon', 'build', '--symlink-install']
[0.063s] DEBUG:colcon:Parsed command line arguments: Namespace(log_base=None, log_level=None, verb_name='build', build_base='build', install_base='install', merge_install=False, symlink_install=True, test_result_base=None, continue_on_error=False, executor='parallel', parallel_workers=12, event_handlers=None, ignore_user_meta=False, metas=['./colcon.meta'], base_paths=['.'], packages_ignore=None, packages_ignore_regex=None, paths=None, packages_up_to=None, packages_up_to_regex=None, packages_above=None, packages_above_and_dependencies=None, packages_above_depth=None, packages_select_by_dep=None, packages_skip_by_dep=None, packages_skip_up_to=None, packages_select_build_failed=False, packages_skip_build_finished=False, packages_select_test_failures=False, packages_skip_test_passed=False, packages_select=None, packages_skip=None, packages_select_regex=None, packages_skip_regex=None, packages_start=None, packages_end=None, cmake_args=None, cmake_target=None, cmake_target_skip_unavailable=False, cmake_clean_cache=False, cmake_clean_first=False, cmake_force_configure=False, ament_cmake_args=None, catkin_cmake_args=None, catkin_skip_building_tests=False, mixin_files=None, mixin=None, verb_parser=<colcon_mixin.mixin.mixin_argument.MixinArgumentDecorator object at 0x76885c722e30>, verb_extension=<colcon_core.verb.build.BuildVerb object at 0x76885c94c310>, main=<bound method BuildVerb.main of <colcon_core.verb.build.BuildVerb object at 0x76885c94c310>>, mixin_verb=('build',))
[0.135s] Level 1:colcon.colcon_core.package_discovery:discover_packages(colcon_meta) check parameters
[0.135s] INFO:colcon.colcon_metadata.package_discovery.colcon_meta:Using configuration from '/root/.colcon/metadata/default/Gazebo.meta'
[0.136s] INFO:colcon.colcon_metadata.package_discovery.colcon_meta:Using configuration from '/root/.colcon/metadata/default/fastrtps.meta'
[0.136s] Level 1:colcon.colcon_core.package_discovery:discover_packages(recursive) check parameters
[0.136s] Level 1:colcon.colcon_core.package_discovery:discover_packages(ignore) check parameters
[0.136s] Level 1:colcon.colcon_core.package_discovery:discover_packages(path) check parameters
[0.136s] Level 1:colcon.colcon_core.package_discovery:discover_packages(colcon_meta) discover
[0.136s] Level 1:colcon.colcon_core.package_discovery:discover_packages(recursive) discover
[0.136s] INFO:colcon.colcon_core.package_discovery:Crawling recursively for packages in '/home/autodrive_devkit/ros2_laser_scan_matcher/src/new-tf-topic'
[0.136s] Level 1:colcon.colcon_core.package_identification:_identify(.) by extensions ['ignore', 'ignore_ament_install']
[0.136s] Level 1:colcon.colcon_core.package_identification:_identify(.) by extension 'ignore'
[0.136s] Level 1:colcon.colcon_core.package_identification:_identify(.) by extension 'ignore_ament_install'
[0.136s] Level 1:colcon.colcon_core.package_identification:_identify(.) by extensions ['colcon_pkg']
[0.136s] Level 1:colcon.colcon_core.package_identification:_identify(.) by extension 'colcon_pkg'
[0.136s] Level 1:colcon.colcon_core.package_identification:_identify(.) by extensions ['colcon_meta']
[0.136s] Level 1:colcon.colcon_core.package_identification:_identify(.) by extension 'colcon_meta'
[0.136s] Level 1:colcon.colcon_core.package_identification:_identify(.) by extensions ['ros']
[0.136s] Level 1:colcon.colcon_core.package_identification:_identify(.) by extension 'ros'
[0.145s] DEBUG:colcon.colcon_core.package_identification:Package '.' with type 'ros.ament_cmake' and name 'new-tf-topic'
[0.145s] Level 1:colcon.colcon_core.package_discovery:discover_packages(recursive) using defaults
[0.145s] Level 1:colcon.colcon_core.package_discovery:discover_packages(ignore) discover
[0.145s] Level 1:colcon.colcon_core.package_discovery:discover_packages(ignore) using defaults
[0.145s] Level 1:colcon.colcon_core.package_discovery:discover_packages(path) discover
[0.145s] Level 1:colcon.colcon_core.package_discovery:discover_packages(path) using defaults
[0.157s] Level 5:colcon.colcon_core.verb:set package 'new-tf-topic' build argument 'cmake_args' from command line to 'None'
[0.157s] Level 5:colcon.colcon_core.verb:set package 'new-tf-topic' build argument 'cmake_target' from command line to 'None'
[0.157s] Level 5:colcon.colcon_core.verb:set package 'new-tf-topic' build argument 'cmake_target_skip_unavailable' from command line to 'False'
[0.157s] Level 5:colcon.colcon_core.verb:set package 'new-tf-topic' build argument 'cmake_clean_cache' from command line to 'False'
[0.157s] Level 5:colcon.colcon_core.verb:set package 'new-tf-topic' build argument 'cmake_clean_first' from command line to 'False'
[0.157s] Level 5:colcon.colcon_core.verb:set package 'new-tf-topic' build argument 'cmake_force_configure' from command line to 'False'
[0.157s] Level 5:colcon.colcon_core.verb:set package 'new-tf-topic' build argument 'ament_cmake_args' from command line to 'None'
[0.157s] Level 5:colcon.colcon_core.verb:set package 'new-tf-topic' build argument 'catkin_cmake_args' from command line to 'None'
[0.157s] Level 5:colcon.colcon_core.verb:set package 'new-tf-topic' build argument 'catkin_skip_building_tests' from command line to 'False'
[0.157s] DEBUG:colcon.colcon_core.verb:Building package 'new-tf-topic' with the following arguments: {'ament_cmake_args': None, 'build_base': '/home/autodrive_devkit/ros2_laser_scan_matcher/src/new-tf-topic/build/new-tf-topic', 'catkin_cmake_args': None, 'catkin_skip_building_tests': False, 'cmake_args': None, 'cmake_clean_cache': False, 'cmake_clean_first': False, 'cmake_force_configure': False, 'cmake_target': None, 'cmake_target_skip_unavailable': False, 'install_base': '/home/autodrive_devkit/ros2_laser_scan_matcher/src/new-tf-topic/install/new-tf-topic', 'merge_install': False, 'path': '/home/autodrive_devkit/ros2_laser_scan_matcher/src/new-tf-topic', 'symlink_install': True, 'test_result_base': None}
[0.158s] INFO:colcon.colcon_core.executor:Executing jobs using 'parallel' executor
[0.159s] DEBUG:colcon.colcon_parallel_executor.executor.parallel:run_until_complete
[0.159s] INFO:colcon.colcon_ros.task.ament_cmake.build:Building ROS package in '/home/autodrive_devkit/ros2_laser_scan_matcher/src/new-tf-topic' with build type 'ament_cmake'
[0.159s] INFO:colcon.colcon_cmake.task.cmake.build:Building CMake package in '/home/autodrive_devkit/ros2_laser_scan_matcher/src/new-tf-topic'
[0.160s] INFO:colcon.colcon_core.plugin_system:Skipping extension 'colcon_core.shell.bat': Not used on non-Windows systems
[0.160s] INFO:colcon.colcon_core.shell:Skip shell extension 'powershell' for command environment: Not usable outside of PowerShell
[0.160s] DEBUG:colcon.colcon_core.shell:Skip shell extension 'dsv' for command environment
[0.169s] DEBUG:colcon.colcon_core.event_handler.log_command:Invoking command in '/home/autodrive_devkit/ros2_laser_scan_matcher/src/new-tf-topic/build/new-tf-topic': CMAKE_PREFIX_PATH=${CMAKE_PREFIX_PATH}:/home/autodrive_devkit/install/autodrive_roboracer:/opt/ros/humble /usr/bin/cmake --build /home/autodrive_devkit/ros2_laser_scan_matcher/src/new-tf-topic/build/new-tf-topic -- -j12 -l12
[2.223s] DEBUG:colcon.colcon_core.event_handler.log_command:Invoked command in '/home/autodrive_devkit/ros2_laser_scan_matcher/src/new-tf-topic/build/new-tf-topic' returned '2': CMAKE_PREFIX_PATH=${CMAKE_PREFIX_PATH}:/home/autodrive_devkit/install/autodrive_roboracer:/opt/ros/humble /usr/bin/cmake --build /home/autodrive_devkit/ros2_laser_scan_matcher/src/new-tf-topic/build/new-tf-topic -- -j12 -l12
[2.223s] Level 1:colcon.colcon_core.environment:create_environment_scripts_only(new-tf-topic)
[2.225s] Level 1:colcon.colcon_core.environment:checking '/home/autodrive_devkit/ros2_laser_scan_matcher/src/new-tf-topic/install/new-tf-topic' for CMake module files
[2.225s] Level 1:colcon.colcon_core.environment:checking '/home/autodrive_devkit/ros2_laser_scan_matcher/src/new-tf-topic/install/new-tf-topic' for CMake config files
[2.225s] Level 1:colcon.colcon_core.shell:create_environment_hook('new-tf-topic', 'cmake_prefix_path')
[2.225s] INFO:colcon.colcon_core.shell:Creating environment hook '/home/autodrive_devkit/ros2_laser_scan_matcher/src/new-tf-topic/install/new-tf-topic/share/new-tf-topic/hook/cmake_prefix_path.ps1'
[2.226s] INFO:colcon.colcon_core.shell:Creating environment descriptor '/home/autodrive_devkit/ros2_laser_scan_matcher/src/new-tf-topic/install/new-tf-topic/share/new-tf-topic/hook/cmake_prefix_path.dsv'
[2.226s] INFO:colcon.colcon_core.shell:Creating environment hook '/home/autodrive_devkit/ros2_laser_scan_matcher/src/new-tf-topic/install/new-tf-topic/share/new-tf-topic/hook/cmake_prefix_path.sh'
[2.227s] Level 1:colcon.colcon_core.environment:checking '/home/autodrive_devkit/ros2_laser_scan_matcher/src/new-tf-topic/install/new-tf-topic/lib'
[2.227s] Level 1:colcon.colcon_core.environment:checking '/home/autodrive_devkit/ros2_laser_scan_matcher/src/new-tf-topic/install/new-tf-topic/bin'
[2.227s] Level 1:colcon.colcon_core.environment:checking '/home/autodrive_devkit/ros2_laser_scan_matcher/src/new-tf-topic/install/new-tf-topic/lib/pkgconfig/new-tf-topic.pc'
[2.228s] Level 1:colcon.colcon_core.environment:checking '/home/autodrive_devkit/ros2_laser_scan_matcher/src/new-tf-topic/install/new-tf-topic/lib/python3.10/site-packages'
[2.228s] Level 1:colcon.colcon_core.environment:checking '/home/autodrive_devkit/ros2_laser_scan_matcher/src/new-tf-topic/install/new-tf-topic/bin'
[2.228s] INFO:colcon.colcon_core.shell:Creating package script '/home/autodrive_devkit/ros2_laser_scan_matcher/src/new-tf-topic/install/new-tf-topic/share/new-tf-topic/package.ps1'
[2.229s] INFO:colcon.colcon_core.shell:Creating package descriptor '/home/autodrive_devkit/ros2_laser_scan_matcher/src/new-tf-topic/install/new-tf-topic/share/new-tf-topic/package.dsv'
[2.229s] INFO:colcon.colcon_core.shell:Creating package script '/home/autodrive_devkit/ros2_laser_scan_matcher/src/new-tf-topic/install/new-tf-topic/share/new-tf-topic/package.sh'
[2.230s] INFO:colcon.colcon_core.shell:Creating package script '/home/autodrive_devkit/ros2_laser_scan_matcher/src/new-tf-topic/install/new-tf-topic/share/new-tf-topic/package.bash'
[2.230s] INFO:colcon.colcon_core.shell:Creating package script '/home/autodrive_devkit/ros2_laser_scan_matcher/src/new-tf-topic/install/new-tf-topic/share/new-tf-topic/package.zsh'
[2.230s] Level 1:colcon.colcon_core.environment:create_file_with_runtime_dependencies(/home/autodrive_devkit/ros2_laser_scan_matcher/src/new-tf-topic/install/new-tf-topic/share/colcon-core/packages/new-tf-topic)
[2.241s] DEBUG:colcon.colcon_parallel_executor.executor.parallel:closing loop
[2.241s] DEBUG:colcon.colcon_parallel_executor.executor.parallel:loop closed
[2.241s] DEBUG:colcon.colcon_parallel_executor.executor.parallel:run_until_complete finished with '2'
[2.241s] DEBUG:colcon.colcon_core.event_reactor:joining thread
[2.246s] INFO:colcon.colcon_core.plugin_system:Skipping extension 'colcon_notification.desktop_notification.notify_send': Could not find 'notify-send'
[2.246s] INFO:colcon.colcon_core.plugin_system:Skipping extension 'colcon_notification.desktop_notification.terminal_notifier': Not used on non-Darwin systems
[2.246s] INFO:colcon.colcon_core.plugin_system:Skipping extension 'colcon_notification.desktop_notification.win32': Not used on non-Windows systems
[2.246s] INFO:colcon.colcon_notification.desktop_notification:Sending desktop notification using 'notify2'
[2.249s] DEBUG:colcon.colcon_notification.desktop_notification.notify2:Failed to initialize notify2: org.freedesktop.DBus.Error.Spawn.ExecFailed: /usr/bin/dbus-launch terminated abnormally without any error message
[2.249s] DEBUG:colcon.colcon_core.event_reactor:joined thread
[2.250s] INFO:colcon.colcon_core.shell:Creating prefix script '/home/autodrive_devkit/ros2_laser_scan_matcher/src/new-tf-topic/install/local_setup.ps1'
[2.251s] INFO:colcon.colcon_core.shell:Creating prefix util module '/home/autodrive_devkit/ros2_laser_scan_matcher/src/new-tf-topic/install/_local_setup_util_ps1.py'
[2.251s] INFO:colcon.colcon_core.shell:Creating prefix chain script '/home/autodrive_devkit/ros2_laser_scan_matcher/src/new-tf-topic/install/setup.ps1'
[2.252s] INFO:colcon.colcon_core.shell:Creating prefix script '/home/autodrive_devkit/ros2_laser_scan_matcher/src/new-tf-topic/install/local_setup.sh'
[2.253s] INFO:colcon.colcon_core.shell:Creating prefix util module '/home/autodrive_devkit/ros2_laser_scan_matcher/src/new-tf-topic/install/_local_setup_util_sh.py'
[2.253s] INFO:colcon.colcon_core.shell:Creating prefix chain script '/home/autodrive_devkit/ros2_laser_scan_matcher/src/new-tf-topic/install/setup.sh'
[2.254s] INFO:colcon.colcon_core.shell:Creating prefix script '/home/autodrive_devkit/ros2_laser_scan_matcher/src/new-tf-topic/install/local_setup.bash'
[2.254s] INFO:colcon.colcon_core.shell:Creating prefix chain script '/home/autodrive_devkit/ros2_laser_scan_matcher/src/new-tf-topic/install/setup.bash'
[2.254s] INFO:colcon.colcon_core.shell:Creating prefix script '/home/autodrive_devkit/ros2_laser_scan_matcher/src/new-tf-topic/install/local_setup.zsh'
[2.255s] INFO:colcon.colcon_core.shell:Creating prefix chain script '/home/autodrive_devkit/ros2_laser_scan_matcher/src/new-tf-topic/install/setup.zsh'
