[0.010s] Invoking command in '/home/autodrive_devkit/ros2_laser_scan_matcher/build/ros2_laser_scan_matcher': CMAKE_PREFIX_PATH=${CMAKE_PREFIX_PATH}:/home/autodrive_devkit/install/autodrive_roboracer:/opt/ros/humble /usr/bin/cmake --build /home/autodrive_devkit/ros2_laser_scan_matcher/build/ros2_laser_scan_matcher -- -j12 -l12
[0.151s] [100%] Built target laser_scan_matcher
[0.161s] Invoked command in '/home/autodrive_devkit/ros2_laser_scan_matcher/build/ros2_laser_scan_matcher' returned '0': CMAKE_PREFIX_PATH=${CMAKE_PREFIX_PATH}:/home/autodrive_devkit/install/autodrive_roboracer:/opt/ros/humble /usr/bin/cmake --build /home/autodrive_devkit/ros2_laser_scan_matcher/build/ros2_laser_scan_matcher -- -j12 -l12
[0.172s] Invoking command in '/home/autodrive_devkit/ros2_laser_scan_matcher/build/ros2_laser_scan_matcher': CMAKE_PREFIX_PATH=${CMAKE_PREFIX_PATH}:/home/autodrive_devkit/install/autodrive_roboracer:/opt/ros/humble /usr/bin/cmake --install /home/autodrive_devkit/ros2_laser_scan_matcher/build/ros2_laser_scan_matcher
[0.179s] -- Install configuration: ""
[0.180s] -- Execute custom install script
[0.181s] -- Up-to-date symlink: /home/autodrive_devkit/ros2_laser_scan_matcher/install/ros2_laser_scan_matcher/lib/ros2_laser_scan_matcher/laser_scan_matcher
[0.181s] -- Up-to-date symlink: /home/autodrive_devkit/ros2_laser_scan_matcher/install/ros2_laser_scan_matcher/share/ament_index/resource_index/package_run_dependencies/ros2_laser_scan_matcher
[0.181s] -- Up-to-date symlink: /home/autodrive_devkit/ros2_laser_scan_matcher/install/ros2_laser_scan_matcher/share/ament_index/resource_index/parent_prefix_path/ros2_laser_scan_matcher
[0.182s] -- Up-to-date symlink: /home/autodrive_devkit/ros2_laser_scan_matcher/install/ros2_laser_scan_matcher/share/ros2_laser_scan_matcher/environment/ament_prefix_path.sh
[0.182s] -- Up-to-date symlink: /home/autodrive_devkit/ros2_laser_scan_matcher/install/ros2_laser_scan_matcher/share/ros2_laser_scan_matcher/environment/ament_prefix_path.dsv
[0.182s] -- Up-to-date symlink: /home/autodrive_devkit/ros2_laser_scan_matcher/install/ros2_laser_scan_matcher/share/ros2_laser_scan_matcher/environment/path.sh
[0.182s] -- Up-to-date symlink: /home/autodrive_devkit/ros2_laser_scan_matcher/install/ros2_laser_scan_matcher/share/ros2_laser_scan_matcher/environment/path.dsv
[0.182s] -- Up-to-date symlink: /home/autodrive_devkit/ros2_laser_scan_matcher/install/ros2_laser_scan_matcher/share/ros2_laser_scan_matcher/local_setup.bash
[0.183s] -- Up-to-date symlink: /home/autodrive_devkit/ros2_laser_scan_matcher/install/ros2_laser_scan_matcher/share/ros2_laser_scan_matcher/local_setup.sh
[0.183s] -- Up-to-date symlink: /home/autodrive_devkit/ros2_laser_scan_matcher/install/ros2_laser_scan_matcher/share/ros2_laser_scan_matcher/local_setup.zsh
[0.183s] -- Up-to-date symlink: /home/autodrive_devkit/ros2_laser_scan_matcher/install/ros2_laser_scan_matcher/share/ros2_laser_scan_matcher/local_setup.dsv
[0.183s] -- Symlinking: /home/autodrive_devkit/ros2_laser_scan_matcher/install/ros2_laser_scan_matcher/share/ros2_laser_scan_matcher/package.dsv
[0.192s] -- Up-to-date symlink: /home/autodrive_devkit/ros2_laser_scan_matcher/install/ros2_laser_scan_matcher/share/ament_index/resource_index/packages/ros2_laser_scan_matcher
[0.192s] -- Up-to-date symlink: /home/autodrive_devkit/ros2_laser_scan_matcher/install/ros2_laser_scan_matcher/share/ros2_laser_scan_matcher/cmake/ros2_laser_scan_matcherConfig.cmake
[0.192s] -- Up-to-date symlink: /home/autodrive_devkit/ros2_laser_scan_matcher/install/ros2_laser_scan_matcher/share/ros2_laser_scan_matcher/cmake/ros2_laser_scan_matcherConfig-version.cmake
[0.193s] -- Up-to-date symlink: /home/autodrive_devkit/ros2_laser_scan_matcher/install/ros2_laser_scan_matcher/share/ros2_laser_scan_matcher/package.xml
[0.194s] Invoked command in '/home/autodrive_devkit/ros2_laser_scan_matcher/build/ros2_laser_scan_matcher' returned '0': CMAKE_PREFIX_PATH=${CMAKE_PREFIX_PATH}:/home/autodrive_devkit/install/autodrive_roboracer:/opt/ros/humble /usr/bin/cmake --install /home/autodrive_devkit/ros2_laser_scan_matcher/build/ros2_laser_scan_matcher
