[0.012s] Invoking command in '/home/autodrive_devkit/ros2_laser_scan_matcher/build/ros2_laser_scan_matcher': CMAKE_PREFIX_PATH=/opt/ros/humble /usr/bin/cmake /home/autodrive_devkit/ros2_laser_scan_matcher -DAMENT_CMAKE_SYMLINK_INSTALL=1 -DCMAKE_INSTALL_PREFIX=/home/autodrive_devkit/ros2_laser_scan_matcher/install/ros2_laser_scan_matcher
[0.122s] -- The C compiler identification is GNU 11.4.0
[0.163s] -- The CXX compiler identification is GNU 11.4.0
[0.169s] -- Detecting C compiler ABI info
[0.220s] -- Detecting C compiler ABI info - done
[0.225s] -- Check for working C compiler: /usr/bin/cc - skipped
[0.225s] -- Detecting C compile features
[0.225s] -- Detecting C compile features - done
[0.228s] -- Detecting CXX compiler ABI info
[0.286s] -- Detecting CXX compiler ABI info - done
[0.291s] -- Check for working CXX compiler: /usr/bin/c++ - skipped
[0.291s] -- Detecting CXX compile features
[0.292s] -- Detecting CXX compile features - done
[0.293s] -- Found ament_cmake: 1.3.11 (/opt/ros/humble/share/ament_cmake/cmake)
[0.406s] -- Found Python3: /usr/bin/python3 (found version "3.10.12") found components: Interpreter 
[0.458s] -- Override CMake install command with custom implementation using symlinks instead of copying resources
[0.484s] -- Found sensor_msgs: 4.2.4 (/opt/ros/humble/share/sensor_msgs/cmake)
[0.513s] -- Found rosidl_generator_c: 3.1.6 (/opt/ros/humble/share/rosidl_generator_c/cmake)
[0.516s] -- Found rosidl_adapter: 3.1.6 (/opt/ros/humble/share/rosidl_adapter/cmake)
[0.522s] -- Found rosidl_generator_cpp: 3.1.6 (/opt/ros/humble/share/rosidl_generator_cpp/cmake)
[0.530s] -- Using all available rosidl_typesupport_c: rosidl_typesupport_fastrtps_c;rosidl_typesupport_introspection_c
[0.543s] -- Using all available rosidl_typesupport_cpp: rosidl_typesupport_fastrtps_cpp;rosidl_typesupport_introspection_cpp
[0.594s] -- Found rclcpp: 16.0.11 (/opt/ros/humble/share/rclcpp/cmake)
[0.621s] -- Found rmw_implementation_cmake: 6.1.2 (/opt/ros/humble/share/rmw_implementation_cmake/cmake)
[0.622s] -- Found rmw_fastrtps_cpp: 6.2.7 (/opt/ros/humble/share/rmw_fastrtps_cpp/cmake)
[0.700s] -- Found OpenSSL: /usr/lib/x86_64-linux-gnu/libcrypto.so (found version "3.0.2")  
[0.720s] -- Found FastRTPS: /opt/ros/humble/include  
[0.752s] -- Using RMW implementation 'rmw_fastrtps_cpp' as default
[0.758s] -- Looking for pthread.h
[0.809s] -- Looking for pthread.h - found
[0.809s] -- Performing Test CMAKE_HAVE_LIBC_PTHREAD
[0.859s] -- Performing Test CMAKE_HAVE_LIBC_PTHREAD - Success
[0.860s] -- Found Threads: TRUE  
[0.888s] -- Found nav_msgs: 4.2.4 (/opt/ros/humble/share/nav_msgs/cmake)
[0.906s] -- Found tf2_ros: 0.25.12 (/opt/ros/humble/share/tf2_ros/cmake)
[1.004s] -- Found tf2_geometry_msgs: 0.25.12 (/opt/ros/humble/share/tf2_geometry_msgs/cmake)
[1.018s] -- Found eigen3_cmake_module: 0.1.1 (/opt/ros/humble/share/eigen3_cmake_module/cmake)
[1.020s] -- Found Eigen3: TRUE (found version "3.4.0") 
[1.020s] -- Ensuring Eigen3 include directory is part of orocos-kdl CMake target
[1.024s] -- Found PkgConfig: /usr/bin/pkg-config (found version "0.29.2") 
[1.025s] -- Found csm: 0.0.0 (/usr/local/share/csm/cmake)
[1.048s] -- Found Boost: /usr/lib/x86_64-linux-gnu/cmake/Boost-1.74.0/BoostConfig.cmake (found version "1.74.0") found components: thread 
[1.096s] -- Configuring done
[1.106s] -- Generating done
[1.109s] -- Build files have been written to: /home/autodrive_devkit/ros2_laser_scan_matcher/build/ros2_laser_scan_matcher
[1.115s] Invoked command in '/home/autodrive_devkit/ros2_laser_scan_matcher/build/ros2_laser_scan_matcher' returned '0': CMAKE_PREFIX_PATH=/opt/ros/humble /usr/bin/cmake /home/autodrive_devkit/ros2_laser_scan_matcher -DAMENT_CMAKE_SYMLINK_INSTALL=1 -DCMAKE_INSTALL_PREFIX=/home/autodrive_devkit/ros2_laser_scan_matcher/install/ros2_laser_scan_matcher
[1.117s] Invoking command in '/home/autodrive_devkit/ros2_laser_scan_matcher/build/ros2_laser_scan_matcher': CMAKE_PREFIX_PATH=/opt/ros/humble /usr/bin/cmake --build /home/autodrive_devkit/ros2_laser_scan_matcher/build/ros2_laser_scan_matcher -- -j12 -l12
[1.154s] [ 50%] [32mBuilding CXX object CMakeFiles/laser_scan_matcher.dir/src/laser_scan_matcher.cpp.o[0m
[1.421s] In file included from [01m[K/home/autodrive_devkit/ros2_laser_scan_matcher/include/ros2_laser_scan_matcher/laser_scan_matcher.h:47[m[K,
[1.421s]                  from [01m[K/home/autodrive_devkit/ros2_laser_scan_matcher/src/laser_scan_matcher.cpp:38[m[K:
[1.421s] [01m[K/opt/ros/humble/include/tf2_geometry_msgs/tf2_geometry_msgs/tf2_geometry_msgs.h:35:2:[m[K [01;35m[Kwarning: [m[K#warning This header is obsolete, please include tf2_geometry_msgs/tf2_geometry_msgs.hpp instead [[01;35m[K-Wcpp[m[K]
[1.421s]    35 | #[01;35m[Kwarning[m[K This header is obsolete, please include tf2_geometry_msgs/tf2_geometry_msgs.hpp instead
[1.422s]       |  [01;35m[K^~~~~~~[m[K
[9.773s] [100%] [32m[1mLinking CXX executable laser_scan_matcher[0m
[10.348s] [100%] Built target laser_scan_matcher
[10.355s] Invoked command in '/home/autodrive_devkit/ros2_laser_scan_matcher/build/ros2_laser_scan_matcher' returned '0': CMAKE_PREFIX_PATH=/opt/ros/humble /usr/bin/cmake --build /home/autodrive_devkit/ros2_laser_scan_matcher/build/ros2_laser_scan_matcher -- -j12 -l12
[10.363s] Invoking command in '/home/autodrive_devkit/ros2_laser_scan_matcher/build/ros2_laser_scan_matcher': CMAKE_PREFIX_PATH=/opt/ros/humble /usr/bin/cmake --install /home/autodrive_devkit/ros2_laser_scan_matcher/build/ros2_laser_scan_matcher
[10.368s] -- Install configuration: ""
[10.368s] -- Execute custom install script
[10.368s] -- Symlinking: /home/autodrive_devkit/ros2_laser_scan_matcher/install/ros2_laser_scan_matcher/lib/ros2_laser_scan_matcher/laser_scan_matcher
[10.374s] -- Symlinking: /home/autodrive_devkit/ros2_laser_scan_matcher/install/ros2_laser_scan_matcher/share/ament_index/resource_index/package_run_dependencies/ros2_laser_scan_matcher
[10.379s] -- Symlinking: /home/autodrive_devkit/ros2_laser_scan_matcher/install/ros2_laser_scan_matcher/share/ament_index/resource_index/parent_prefix_path/ros2_laser_scan_matcher
[10.385s] -- Symlinking: /home/autodrive_devkit/ros2_laser_scan_matcher/install/ros2_laser_scan_matcher/share/ros2_laser_scan_matcher/environment/ament_prefix_path.sh
[10.391s] -- Symlinking: /home/autodrive_devkit/ros2_laser_scan_matcher/install/ros2_laser_scan_matcher/share/ros2_laser_scan_matcher/environment/ament_prefix_path.dsv
[10.399s] -- Symlinking: /home/autodrive_devkit/ros2_laser_scan_matcher/install/ros2_laser_scan_matcher/share/ros2_laser_scan_matcher/environment/path.sh
[10.404s] -- Symlinking: /home/autodrive_devkit/ros2_laser_scan_matcher/install/ros2_laser_scan_matcher/share/ros2_laser_scan_matcher/environment/path.dsv
[10.409s] -- Symlinking: /home/autodrive_devkit/ros2_laser_scan_matcher/install/ros2_laser_scan_matcher/share/ros2_laser_scan_matcher/local_setup.bash
[10.415s] -- Symlinking: /home/autodrive_devkit/ros2_laser_scan_matcher/install/ros2_laser_scan_matcher/share/ros2_laser_scan_matcher/local_setup.sh
[10.421s] -- Symlinking: /home/autodrive_devkit/ros2_laser_scan_matcher/install/ros2_laser_scan_matcher/share/ros2_laser_scan_matcher/local_setup.zsh
[10.427s] -- Symlinking: /home/autodrive_devkit/ros2_laser_scan_matcher/install/ros2_laser_scan_matcher/share/ros2_laser_scan_matcher/local_setup.dsv
[10.434s] -- Symlinking: /home/autodrive_devkit/ros2_laser_scan_matcher/install/ros2_laser_scan_matcher/share/ros2_laser_scan_matcher/package.dsv
[10.442s] -- Symlinking: /home/autodrive_devkit/ros2_laser_scan_matcher/install/ros2_laser_scan_matcher/share/ament_index/resource_index/packages/ros2_laser_scan_matcher
[10.448s] -- Symlinking: /home/autodrive_devkit/ros2_laser_scan_matcher/install/ros2_laser_scan_matcher/share/ros2_laser_scan_matcher/cmake/ros2_laser_scan_matcherConfig.cmake
[10.454s] -- Symlinking: /home/autodrive_devkit/ros2_laser_scan_matcher/install/ros2_laser_scan_matcher/share/ros2_laser_scan_matcher/cmake/ros2_laser_scan_matcherConfig-version.cmake
[10.459s] -- Symlinking: /home/autodrive_devkit/ros2_laser_scan_matcher/install/ros2_laser_scan_matcher/share/ros2_laser_scan_matcher/package.xml
[10.468s] Invoked command in '/home/autodrive_devkit/ros2_laser_scan_matcher/build/ros2_laser_scan_matcher' returned '0': CMAKE_PREFIX_PATH=/opt/ros/humble /usr/bin/cmake --install /home/autodrive_devkit/ros2_laser_scan_matcher/build/ros2_laser_scan_matcher
