[0.075s] DEBUG:colcon:Command line arguments: ['/usr/bin/colcon', 'build', '--symlink-install']
[0.075s] DEBUG:colcon:Parsed command line arguments: Namespace(log_base=None, log_level=None, verb_name='build', build_base='build', install_base='install', merge_install=False, symlink_install=True, test_result_base=None, continue_on_error=False, executor='parallel', parallel_workers=12, event_handlers=None, ignore_user_meta=False, metas=['./colcon.meta'], base_paths=['.'], packages_ignore=None, packages_ignore_regex=None, paths=None, packages_up_to=None, packages_up_to_regex=None, packages_above=None, packages_above_and_dependencies=None, packages_above_depth=None, packages_select_by_dep=None, packages_skip_by_dep=None, packages_skip_up_to=None, packages_select_build_failed=False, packages_skip_build_finished=False, packages_select_test_failures=False, packages_skip_test_passed=False, packages_select=None, packages_skip=None, packages_select_regex=None, packages_skip_regex=None, packages_start=None, packages_end=None, cmake_args=None, cmake_target=None, cmake_target_skip_unavailable=False, cmake_clean_cache=False, cmake_clean_first=False, cmake_force_configure=False, ament_cmake_args=None, catkin_cmake_args=None, catkin_skip_building_tests=False, mixin_files=None, mixin=None, verb_parser=<colcon_mixin.mixin.mixin_argument.MixinArgumentDecorator object at 0x796a3cd42e30>, verb_extension=<colcon_core.verb.build.BuildVerb object at 0x796a3cf6c310>, main=<bound method BuildVerb.main of <colcon_core.verb.build.BuildVerb object at 0x796a3cf6c310>>, mixin_verb=('build',))
[0.159s] Level 1:colcon.colcon_core.package_discovery:discover_packages(colcon_meta) check parameters
[0.160s] INFO:colcon.colcon_metadata.package_discovery.colcon_meta:Using configuration from '/root/.colcon/metadata/default/Gazebo.meta'
[0.160s] INFO:colcon.colcon_metadata.package_discovery.colcon_meta:Using configuration from '/root/.colcon/metadata/default/fastrtps.meta'
[0.160s] Level 1:colcon.colcon_core.package_discovery:discover_packages(recursive) check parameters
[0.160s] Level 1:colcon.colcon_core.package_discovery:discover_packages(ignore) check parameters
[0.160s] Level 1:colcon.colcon_core.package_discovery:discover_packages(path) check parameters
[0.160s] Level 1:colcon.colcon_core.package_discovery:discover_packages(colcon_meta) discover
[0.160s] Level 1:colcon.colcon_core.package_discovery:discover_packages(recursive) discover
[0.160s] INFO:colcon.colcon_core.package_discovery:Crawling recursively for packages in '/home/autodrive_devkit/ros2_laser_scan_matcher/src/ydlidar_ros2_ws/src/ydlidar_ros2_driver'
[0.160s] Level 1:colcon.colcon_core.package_identification:_identify(.) by extensions ['ignore', 'ignore_ament_install']
[0.161s] Level 1:colcon.colcon_core.package_identification:_identify(.) by extension 'ignore'
[0.161s] Level 1:colcon.colcon_core.package_identification:_identify(.) by extension 'ignore_ament_install'
[0.161s] Level 1:colcon.colcon_core.package_identification:_identify(.) by extensions ['colcon_pkg']
[0.161s] Level 1:colcon.colcon_core.package_identification:_identify(.) by extension 'colcon_pkg'
[0.161s] Level 1:colcon.colcon_core.package_identification:_identify(.) by extensions ['colcon_meta']
[0.161s] Level 1:colcon.colcon_core.package_identification:_identify(.) by extension 'colcon_meta'
[0.161s] Level 1:colcon.colcon_core.package_identification:_identify(.) by extensions ['ros']
[0.161s] Level 1:colcon.colcon_core.package_identification:_identify(.) by extension 'ros'
[0.171s] DEBUG:colcon.colcon_core.package_identification:Package '.' with type 'ros.ament_cmake' and name 'ydlidar_ros2_driver'
[0.171s] Level 1:colcon.colcon_core.package_discovery:discover_packages(recursive) using defaults
[0.171s] Level 1:colcon.colcon_core.package_discovery:discover_packages(ignore) discover
[0.171s] Level 1:colcon.colcon_core.package_discovery:discover_packages(ignore) using defaults
[0.171s] Level 1:colcon.colcon_core.package_discovery:discover_packages(path) discover
[0.171s] Level 1:colcon.colcon_core.package_discovery:discover_packages(path) using defaults
[0.185s] Level 5:colcon.colcon_core.verb:set package 'ydlidar_ros2_driver' build argument 'cmake_args' from command line to 'None'
[0.186s] Level 5:colcon.colcon_core.verb:set package 'ydlidar_ros2_driver' build argument 'cmake_target' from command line to 'None'
[0.186s] Level 5:colcon.colcon_core.verb:set package 'ydlidar_ros2_driver' build argument 'cmake_target_skip_unavailable' from command line to 'False'
[0.186s] Level 5:colcon.colcon_core.verb:set package 'ydlidar_ros2_driver' build argument 'cmake_clean_cache' from command line to 'False'
[0.186s] Level 5:colcon.colcon_core.verb:set package 'ydlidar_ros2_driver' build argument 'cmake_clean_first' from command line to 'False'
[0.186s] Level 5:colcon.colcon_core.verb:set package 'ydlidar_ros2_driver' build argument 'cmake_force_configure' from command line to 'False'
[0.186s] Level 5:colcon.colcon_core.verb:set package 'ydlidar_ros2_driver' build argument 'ament_cmake_args' from command line to 'None'
[0.186s] Level 5:colcon.colcon_core.verb:set package 'ydlidar_ros2_driver' build argument 'catkin_cmake_args' from command line to 'None'
[0.186s] Level 5:colcon.colcon_core.verb:set package 'ydlidar_ros2_driver' build argument 'catkin_skip_building_tests' from command line to 'False'
[0.186s] DEBUG:colcon.colcon_core.verb:Building package 'ydlidar_ros2_driver' with the following arguments: {'ament_cmake_args': None, 'build_base': '/home/autodrive_devkit/ros2_laser_scan_matcher/src/ydlidar_ros2_ws/src/ydlidar_ros2_driver/build/ydlidar_ros2_driver', 'catkin_cmake_args': None, 'catkin_skip_building_tests': False, 'cmake_args': None, 'cmake_clean_cache': False, 'cmake_clean_first': False, 'cmake_force_configure': False, 'cmake_target': None, 'cmake_target_skip_unavailable': False, 'install_base': '/home/autodrive_devkit/ros2_laser_scan_matcher/src/ydlidar_ros2_ws/src/ydlidar_ros2_driver/install/ydlidar_ros2_driver', 'merge_install': False, 'path': '/home/autodrive_devkit/ros2_laser_scan_matcher/src/ydlidar_ros2_ws/src/ydlidar_ros2_driver', 'symlink_install': True, 'test_result_base': None}
[0.186s] INFO:colcon.colcon_core.executor:Executing jobs using 'parallel' executor
[0.187s] DEBUG:colcon.colcon_parallel_executor.executor.parallel:run_until_complete
[0.187s] INFO:colcon.colcon_ros.task.ament_cmake.build:Building ROS package in '/home/autodrive_devkit/ros2_laser_scan_matcher/src/ydlidar_ros2_ws/src/ydlidar_ros2_driver' with build type 'ament_cmake'
[0.187s] INFO:colcon.colcon_cmake.task.cmake.build:Building CMake package in '/home/autodrive_devkit/ros2_laser_scan_matcher/src/ydlidar_ros2_ws/src/ydlidar_ros2_driver'
[0.188s] INFO:colcon.colcon_core.plugin_system:Skipping extension 'colcon_core.shell.bat': Not used on non-Windows systems
[0.188s] INFO:colcon.colcon_core.shell:Skip shell extension 'powershell' for command environment: Not usable outside of PowerShell
[0.188s] DEBUG:colcon.colcon_core.shell:Skip shell extension 'dsv' for command environment
[0.199s] DEBUG:colcon.colcon_core.event_handler.log_command:Invoking command in '/home/autodrive_devkit/ros2_laser_scan_matcher/src/ydlidar_ros2_ws/src/ydlidar_ros2_driver/build/ydlidar_ros2_driver': CMAKE_PREFIX_PATH=${CMAKE_PREFIX_PATH}:/home/autodrive_devkit/install/autodrive_roboracer:/opt/ros/humble /usr/bin/cmake --build /home/autodrive_devkit/ros2_laser_scan_matcher/src/ydlidar_ros2_ws/src/ydlidar_ros2_driver/build/ydlidar_ros2_driver -- -j12 -l12
[0.273s] DEBUG:colcon.colcon_core.event_handler.log_command:Invoked command in '/home/autodrive_devkit/ros2_laser_scan_matcher/src/ydlidar_ros2_ws/src/ydlidar_ros2_driver/build/ydlidar_ros2_driver' returned '0': CMAKE_PREFIX_PATH=${CMAKE_PREFIX_PATH}:/home/autodrive_devkit/install/autodrive_roboracer:/opt/ros/humble /usr/bin/cmake --build /home/autodrive_devkit/ros2_laser_scan_matcher/src/ydlidar_ros2_ws/src/ydlidar_ros2_driver/build/ydlidar_ros2_driver -- -j12 -l12
[0.287s] DEBUG:colcon.colcon_core.event_handler.log_command:Invoking command in '/home/autodrive_devkit/ros2_laser_scan_matcher/src/ydlidar_ros2_ws/src/ydlidar_ros2_driver/build/ydlidar_ros2_driver': CMAKE_PREFIX_PATH=${CMAKE_PREFIX_PATH}:/home/autodrive_devkit/install/autodrive_roboracer:/opt/ros/humble /usr/bin/cmake --install /home/autodrive_devkit/ros2_laser_scan_matcher/src/ydlidar_ros2_ws/src/ydlidar_ros2_driver/build/ydlidar_ros2_driver
[0.324s] Level 1:colcon.colcon_core.environment:create_environment_scripts_only(ydlidar_ros2_driver)
[0.324s] DEBUG:colcon.colcon_core.event_handler.log_command:Invoked command in '/home/autodrive_devkit/ros2_laser_scan_matcher/src/ydlidar_ros2_ws/src/ydlidar_ros2_driver/build/ydlidar_ros2_driver' returned '0': CMAKE_PREFIX_PATH=${CMAKE_PREFIX_PATH}:/home/autodrive_devkit/install/autodrive_roboracer:/opt/ros/humble /usr/bin/cmake --install /home/autodrive_devkit/ros2_laser_scan_matcher/src/ydlidar_ros2_ws/src/ydlidar_ros2_driver/build/ydlidar_ros2_driver
[0.326s] Level 1:colcon.colcon_core.environment:checking '/home/autodrive_devkit/ros2_laser_scan_matcher/src/ydlidar_ros2_ws/src/ydlidar_ros2_driver/install/ydlidar_ros2_driver' for CMake module files
[0.327s] Level 1:colcon.colcon_core.environment:checking '/home/autodrive_devkit/ros2_laser_scan_matcher/src/ydlidar_ros2_ws/src/ydlidar_ros2_driver/install/ydlidar_ros2_driver' for CMake config files
[0.329s] Level 1:colcon.colcon_core.shell:create_environment_hook('ydlidar_ros2_driver', 'cmake_prefix_path')
[0.330s] INFO:colcon.colcon_core.shell:Creating environment hook '/home/autodrive_devkit/ros2_laser_scan_matcher/src/ydlidar_ros2_ws/src/ydlidar_ros2_driver/install/ydlidar_ros2_driver/share/ydlidar_ros2_driver/hook/cmake_prefix_path.ps1'
[0.330s] INFO:colcon.colcon_core.shell:Creating environment descriptor '/home/autodrive_devkit/ros2_laser_scan_matcher/src/ydlidar_ros2_ws/src/ydlidar_ros2_driver/install/ydlidar_ros2_driver/share/ydlidar_ros2_driver/hook/cmake_prefix_path.dsv'
[0.331s] INFO:colcon.colcon_core.shell:Creating environment hook '/home/autodrive_devkit/ros2_laser_scan_matcher/src/ydlidar_ros2_ws/src/ydlidar_ros2_driver/install/ydlidar_ros2_driver/share/ydlidar_ros2_driver/hook/cmake_prefix_path.sh'
[0.332s] Level 1:colcon.colcon_core.environment:checking '/home/autodrive_devkit/ros2_laser_scan_matcher/src/ydlidar_ros2_ws/src/ydlidar_ros2_driver/install/ydlidar_ros2_driver/lib'
[0.332s] Level 1:colcon.colcon_core.environment:checking '/home/autodrive_devkit/ros2_laser_scan_matcher/src/ydlidar_ros2_ws/src/ydlidar_ros2_driver/install/ydlidar_ros2_driver/bin'
[0.332s] Level 1:colcon.colcon_core.environment:checking '/home/autodrive_devkit/ros2_laser_scan_matcher/src/ydlidar_ros2_ws/src/ydlidar_ros2_driver/install/ydlidar_ros2_driver/lib/pkgconfig/ydlidar_ros2_driver.pc'
[0.334s] Level 1:colcon.colcon_core.environment:checking '/home/autodrive_devkit/ros2_laser_scan_matcher/src/ydlidar_ros2_ws/src/ydlidar_ros2_driver/install/ydlidar_ros2_driver/lib/python3.10/site-packages'
[0.334s] Level 1:colcon.colcon_core.environment:checking '/home/autodrive_devkit/ros2_laser_scan_matcher/src/ydlidar_ros2_ws/src/ydlidar_ros2_driver/install/ydlidar_ros2_driver/bin'
[0.334s] INFO:colcon.colcon_core.shell:Creating package script '/home/autodrive_devkit/ros2_laser_scan_matcher/src/ydlidar_ros2_ws/src/ydlidar_ros2_driver/install/ydlidar_ros2_driver/share/ydlidar_ros2_driver/package.ps1'
[0.335s] INFO:colcon.colcon_core.shell:Creating package descriptor '/home/autodrive_devkit/ros2_laser_scan_matcher/src/ydlidar_ros2_ws/src/ydlidar_ros2_driver/install/ydlidar_ros2_driver/share/ydlidar_ros2_driver/package.dsv'
[0.336s] INFO:colcon.colcon_core.shell:Creating package script '/home/autodrive_devkit/ros2_laser_scan_matcher/src/ydlidar_ros2_ws/src/ydlidar_ros2_driver/install/ydlidar_ros2_driver/share/ydlidar_ros2_driver/package.sh'
[0.337s] INFO:colcon.colcon_core.shell:Creating package script '/home/autodrive_devkit/ros2_laser_scan_matcher/src/ydlidar_ros2_ws/src/ydlidar_ros2_driver/install/ydlidar_ros2_driver/share/ydlidar_ros2_driver/package.bash'
[0.338s] INFO:colcon.colcon_core.shell:Creating package script '/home/autodrive_devkit/ros2_laser_scan_matcher/src/ydlidar_ros2_ws/src/ydlidar_ros2_driver/install/ydlidar_ros2_driver/share/ydlidar_ros2_driver/package.zsh'
[0.339s] Level 1:colcon.colcon_core.environment:create_file_with_runtime_dependencies(/home/autodrive_devkit/ros2_laser_scan_matcher/src/ydlidar_ros2_ws/src/ydlidar_ros2_driver/install/ydlidar_ros2_driver/share/colcon-core/packages/ydlidar_ros2_driver)
[0.339s] Level 1:colcon.colcon_core.environment:create_environment_scripts_only(ydlidar_ros2_driver)
[0.340s] Level 1:colcon.colcon_core.environment:checking '/home/autodrive_devkit/ros2_laser_scan_matcher/src/ydlidar_ros2_ws/src/ydlidar_ros2_driver/install/ydlidar_ros2_driver' for CMake module files
[0.340s] Level 1:colcon.colcon_core.environment:checking '/home/autodrive_devkit/ros2_laser_scan_matcher/src/ydlidar_ros2_ws/src/ydlidar_ros2_driver/install/ydlidar_ros2_driver' for CMake config files
[0.340s] Level 1:colcon.colcon_core.shell:create_environment_hook('ydlidar_ros2_driver', 'cmake_prefix_path')
[0.340s] INFO:colcon.colcon_core.shell:Creating environment hook '/home/autodrive_devkit/ros2_laser_scan_matcher/src/ydlidar_ros2_ws/src/ydlidar_ros2_driver/install/ydlidar_ros2_driver/share/ydlidar_ros2_driver/hook/cmake_prefix_path.ps1'
[0.341s] INFO:colcon.colcon_core.shell:Creating environment descriptor '/home/autodrive_devkit/ros2_laser_scan_matcher/src/ydlidar_ros2_ws/src/ydlidar_ros2_driver/install/ydlidar_ros2_driver/share/ydlidar_ros2_driver/hook/cmake_prefix_path.dsv'
[0.341s] INFO:colcon.colcon_core.shell:Creating environment hook '/home/autodrive_devkit/ros2_laser_scan_matcher/src/ydlidar_ros2_ws/src/ydlidar_ros2_driver/install/ydlidar_ros2_driver/share/ydlidar_ros2_driver/hook/cmake_prefix_path.sh'
[0.341s] Level 1:colcon.colcon_core.environment:checking '/home/autodrive_devkit/ros2_laser_scan_matcher/src/ydlidar_ros2_ws/src/ydlidar_ros2_driver/install/ydlidar_ros2_driver/lib'
[0.341s] Level 1:colcon.colcon_core.environment:checking '/home/autodrive_devkit/ros2_laser_scan_matcher/src/ydlidar_ros2_ws/src/ydlidar_ros2_driver/install/ydlidar_ros2_driver/bin'
[0.342s] Level 1:colcon.colcon_core.environment:checking '/home/autodrive_devkit/ros2_laser_scan_matcher/src/ydlidar_ros2_ws/src/ydlidar_ros2_driver/install/ydlidar_ros2_driver/lib/pkgconfig/ydlidar_ros2_driver.pc'
[0.342s] Level 1:colcon.colcon_core.environment:checking '/home/autodrive_devkit/ros2_laser_scan_matcher/src/ydlidar_ros2_ws/src/ydlidar_ros2_driver/install/ydlidar_ros2_driver/lib/python3.10/site-packages'
[0.342s] Level 1:colcon.colcon_core.environment:checking '/home/autodrive_devkit/ros2_laser_scan_matcher/src/ydlidar_ros2_ws/src/ydlidar_ros2_driver/install/ydlidar_ros2_driver/bin'
[0.342s] INFO:colcon.colcon_core.shell:Creating package script '/home/autodrive_devkit/ros2_laser_scan_matcher/src/ydlidar_ros2_ws/src/ydlidar_ros2_driver/install/ydlidar_ros2_driver/share/ydlidar_ros2_driver/package.ps1'
[0.342s] INFO:colcon.colcon_core.shell:Creating package descriptor '/home/autodrive_devkit/ros2_laser_scan_matcher/src/ydlidar_ros2_ws/src/ydlidar_ros2_driver/install/ydlidar_ros2_driver/share/ydlidar_ros2_driver/package.dsv'
[0.343s] INFO:colcon.colcon_core.shell:Creating package script '/home/autodrive_devkit/ros2_laser_scan_matcher/src/ydlidar_ros2_ws/src/ydlidar_ros2_driver/install/ydlidar_ros2_driver/share/ydlidar_ros2_driver/package.sh'
[0.343s] INFO:colcon.colcon_core.shell:Creating package script '/home/autodrive_devkit/ros2_laser_scan_matcher/src/ydlidar_ros2_ws/src/ydlidar_ros2_driver/install/ydlidar_ros2_driver/share/ydlidar_ros2_driver/package.bash'
[0.343s] INFO:colcon.colcon_core.shell:Creating package script '/home/autodrive_devkit/ros2_laser_scan_matcher/src/ydlidar_ros2_ws/src/ydlidar_ros2_driver/install/ydlidar_ros2_driver/share/ydlidar_ros2_driver/package.zsh'
[0.344s] Level 1:colcon.colcon_core.environment:create_file_with_runtime_dependencies(/home/autodrive_devkit/ros2_laser_scan_matcher/src/ydlidar_ros2_ws/src/ydlidar_ros2_driver/install/ydlidar_ros2_driver/share/colcon-core/packages/ydlidar_ros2_driver)
[0.344s] DEBUG:colcon.colcon_parallel_executor.executor.parallel:closing loop
[0.344s] DEBUG:colcon.colcon_parallel_executor.executor.parallel:loop closed
[0.344s] DEBUG:colcon.colcon_parallel_executor.executor.parallel:run_until_complete finished with '0'
[0.344s] DEBUG:colcon.colcon_core.event_reactor:joining thread
[0.349s] INFO:colcon.colcon_core.plugin_system:Skipping extension 'colcon_notification.desktop_notification.notify_send': Could not find 'notify-send'
[0.350s] INFO:colcon.colcon_core.plugin_system:Skipping extension 'colcon_notification.desktop_notification.terminal_notifier': Not used on non-Darwin systems
[0.350s] INFO:colcon.colcon_core.plugin_system:Skipping extension 'colcon_notification.desktop_notification.win32': Not used on non-Windows systems
[0.350s] INFO:colcon.colcon_notification.desktop_notification:Sending desktop notification using 'notify2'
[0.351s] DEBUG:colcon.colcon_notification.desktop_notification.notify2:Failed to initialize notify2: org.freedesktop.DBus.Error.Spawn.ExecFailed: /usr/bin/dbus-launch terminated abnormally without any error message
[0.351s] DEBUG:colcon.colcon_core.event_reactor:joined thread
[0.352s] INFO:colcon.colcon_core.shell:Creating prefix script '/home/autodrive_devkit/ros2_laser_scan_matcher/src/ydlidar_ros2_ws/src/ydlidar_ros2_driver/install/local_setup.ps1'
[0.353s] INFO:colcon.colcon_core.shell:Creating prefix util module '/home/autodrive_devkit/ros2_laser_scan_matcher/src/ydlidar_ros2_ws/src/ydlidar_ros2_driver/install/_local_setup_util_ps1.py'
[0.354s] INFO:colcon.colcon_core.shell:Creating prefix chain script '/home/autodrive_devkit/ros2_laser_scan_matcher/src/ydlidar_ros2_ws/src/ydlidar_ros2_driver/install/setup.ps1'
[0.355s] INFO:colcon.colcon_core.shell:Creating prefix script '/home/autodrive_devkit/ros2_laser_scan_matcher/src/ydlidar_ros2_ws/src/ydlidar_ros2_driver/install/local_setup.sh'
[0.356s] INFO:colcon.colcon_core.shell:Creating prefix util module '/home/autodrive_devkit/ros2_laser_scan_matcher/src/ydlidar_ros2_ws/src/ydlidar_ros2_driver/install/_local_setup_util_sh.py'
[0.356s] INFO:colcon.colcon_core.shell:Creating prefix chain script '/home/autodrive_devkit/ros2_laser_scan_matcher/src/ydlidar_ros2_ws/src/ydlidar_ros2_driver/install/setup.sh'
[0.357s] INFO:colcon.colcon_core.shell:Creating prefix script '/home/autodrive_devkit/ros2_laser_scan_matcher/src/ydlidar_ros2_ws/src/ydlidar_ros2_driver/install/local_setup.bash'
[0.357s] INFO:colcon.colcon_core.shell:Creating prefix chain script '/home/autodrive_devkit/ros2_laser_scan_matcher/src/ydlidar_ros2_ws/src/ydlidar_ros2_driver/install/setup.bash'
[0.370s] INFO:colcon.colcon_core.shell:Creating prefix script '/home/autodrive_devkit/ros2_laser_scan_matcher/src/ydlidar_ros2_ws/src/ydlidar_ros2_driver/install/local_setup.zsh'
[0.370s] INFO:colcon.colcon_core.shell:Creating prefix chain script '/home/autodrive_devkit/ros2_laser_scan_matcher/src/ydlidar_ros2_ws/src/ydlidar_ros2_driver/install/setup.zsh'
