[0.008s] Invoking command in '/home/autodrive_devkit/ros2_laser_scan_matcher/src/ydlidar_ros2_ws/src/ydlidar_ros2_driver/build/ydlidar_ros2_driver': CMAKE_PREFIX_PATH=${CMAKE_PREFIX_PATH}:/home/autodrive_devkit/install/autodrive_roboracer:/opt/ros/humble /usr/bin/cmake /home/autodrive_devkit/ros2_laser_scan_matcher/src/ydlidar_ros2_ws/src/ydlidar_ros2_driver -DAMENT_CMAKE_SYMLINK_INSTALL=1 -DCMAKE_INSTALL_PREFIX=/home/autodrive_devkit/ros2_laser_scan_matcher/src/ydlidar_ros2_ws/src/ydlidar_ros2_driver/install/ydlidar_ros2_driver
[0.178s] -- The C compiler identification is GNU 11.4.0
[0.235s] -- The CXX compiler identification is GNU 11.4.0
[0.248s] -- Detecting C compiler ABI info
[0.329s] -- Detecting C compiler ABI info - done
[0.345s] -- Check for working C compiler: /usr/bin/cc - skipped
[0.348s] -- Detecting C compile features
[0.348s] -- Detecting C compile features - done
[0.354s] -- Detecting CXX compiler ABI info
[0.436s] -- Detecting CXX compiler ABI info - done
[0.441s] -- Check for working CXX compiler: /usr/bin/c++ - skipped
[0.441s] -- Detecting CXX compile features
[0.442s] -- Detecting CXX compile features - done
[0.462s] -- Found ament_cmake: 1.3.11 (/opt/ros/humble/share/ament_cmake/cmake)
[0.615s] -- Found Python3: /usr/bin/python3 (found version "3.10.12") found components: Interpreter 
[0.673s] -- Override CMake install command with custom implementation using symlinks instead of copying resources
[0.730s] -- Found rclcpp: 16.0.11 (/opt/ros/humble/share/rclcpp/cmake)
[0.807s] -- Found rosidl_generator_c: 3.1.6 (/opt/ros/humble/share/rosidl_generator_c/cmake)
[0.814s] -- Found rosidl_adapter: 3.1.6 (/opt/ros/humble/share/rosidl_adapter/cmake)
[0.828s] -- Found rosidl_generator_cpp: 3.1.6 (/opt/ros/humble/share/rosidl_generator_cpp/cmake)
[0.849s] -- Using all available rosidl_typesupport_c: rosidl_typesupport_fastrtps_c;rosidl_typesupport_introspection_c
[0.872s] -- Using all available rosidl_typesupport_cpp: rosidl_typesupport_fastrtps_cpp;rosidl_typesupport_introspection_cpp
[0.939s] -- Found rmw_implementation_cmake: 6.1.2 (/opt/ros/humble/share/rmw_implementation_cmake/cmake)
[0.943s] -- Found rmw_fastrtps_cpp: 6.2.7 (/opt/ros/humble/share/rmw_fastrtps_cpp/cmake)
[1.079s] -- Found OpenSSL: /usr/lib/x86_64-linux-gnu/libcrypto.so (found version "3.0.2")  
[1.107s] -- Found FastRTPS: /opt/ros/humble/include  
[1.140s] -- Using RMW implementation 'rmw_fastrtps_cpp' as default
[1.155s] -- Looking for pthread.h
[1.266s] -- Looking for pthread.h - found
[1.266s] -- Performing Test CMAKE_HAVE_LIBC_PTHREAD
[1.340s] -- Performing Test CMAKE_HAVE_LIBC_PTHREAD - Success
[1.341s] -- Found Threads: TRUE  
[1.418s] -- Found sensor_msgs: 4.2.4 (/opt/ros/humble/share/sensor_msgs/cmake)
[1.449s] -- Found visualization_msgs: 4.2.4 (/opt/ros/humble/share/visualization_msgs/cmake)
[1.463s] -- Found std_srvs: 4.2.4 (/opt/ros/humble/share/std_srvs/cmake)
[1.475s] -- Found ament_lint_auto: 0.12.11 (/opt/ros/humble/share/ament_lint_auto/cmake)
[1.551s] -- Added test 'copyright' to check source files copyright and LICENSE
[1.556s] -- Added test 'cppcheck' to perform static code analysis on C / C++ code
[1.556s] -- Configured cppcheck include dirs: /home/autodrive_devkit/ros2_laser_scan_matcher/src/ydlidar_ros2_ws/src/ydlidar_ros2_driver/src
[1.556s] -- Configured cppcheck exclude dirs and/or files: 
[1.560s] -- Added test 'cpplint' to check C / C++ code against the Google style
[1.560s] -- Configured cpplint exclude dirs and/or files: 
[1.561s] -- Added test 'flake8' to check Python code syntax and style conventions
[1.563s] -- Added test 'lint_cmake' to check CMake code style
[1.564s] -- Added test 'pep257' to check Python code against some of the docstring style conventions in PEP 257
[1.569s] -- Added test 'uncrustify' to check C / C++ code style
[1.569s] -- Configured uncrustify additional arguments: 
[1.570s] -- Added test 'xmllint' to check XML markup files
[1.572s] -- Configuring done
[1.581s] -- Generating done
[1.584s] -- Build files have been written to: /home/autodrive_devkit/ros2_laser_scan_matcher/src/ydlidar_ros2_ws/src/ydlidar_ros2_driver/build/ydlidar_ros2_driver
[1.593s] Invoked command in '/home/autodrive_devkit/ros2_laser_scan_matcher/src/ydlidar_ros2_ws/src/ydlidar_ros2_driver/build/ydlidar_ros2_driver' returned '0': CMAKE_PREFIX_PATH=${CMAKE_PREFIX_PATH}:/home/autodrive_devkit/install/autodrive_roboracer:/opt/ros/humble /usr/bin/cmake /home/autodrive_devkit/ros2_laser_scan_matcher/src/ydlidar_ros2_ws/src/ydlidar_ros2_driver -DAMENT_CMAKE_SYMLINK_INSTALL=1 -DCMAKE_INSTALL_PREFIX=/home/autodrive_devkit/ros2_laser_scan_matcher/src/ydlidar_ros2_ws/src/ydlidar_ros2_driver/install/ydlidar_ros2_driver
[1.593s] Invoking command in '/home/autodrive_devkit/ros2_laser_scan_matcher/src/ydlidar_ros2_ws/src/ydlidar_ros2_driver/build/ydlidar_ros2_driver': CMAKE_PREFIX_PATH=${CMAKE_PREFIX_PATH}:/home/autodrive_devkit/install/autodrive_roboracer:/opt/ros/humble /usr/bin/cmake --build /home/autodrive_devkit/ros2_laser_scan_matcher/src/ydlidar_ros2_ws/src/ydlidar_ros2_driver/build/ydlidar_ros2_driver -- -j12 -l12
[1.637s] [ 25%] [32mBuilding CXX object CMakeFiles/ydlidar_ros2_driver_node.dir/src/ydlidar_ros2_driver_node.cpp.o[0m
[1.638s] [ 50%] [32mBuilding CXX object CMakeFiles/ydlidar_ros2_driver_client.dir/src/ydlidar_ros2_driver_client.cpp.o[0m
[3.299s] [01m[K/home/autodrive_devkit/ros2_laser_scan_matcher/src/ydlidar_ros2_ws/src/ydlidar_ros2_driver/src/ydlidar_ros2_driver_node.cpp:[m[K In lambda function:
[3.300s] [01m[K/home/autodrive_devkit/ros2_laser_scan_matcher/src/ydlidar_ros2_ws/src/ydlidar_ros2_driver/src/ydlidar_ros2_driver_node.cpp:191:54:[m[K [01;35m[Kwarning: [m[Kunused parameter ‘[01m[Krequest_header[m[K’ [[01;35m[K-Wunused-parameter[m[K]
[3.300s]   191 |     [&laser]([01;35m[Kconst std::shared_ptr<rmw_request_id_t> request_header[m[K,
[3.300s]       |              [01;35m[K~~~~~~~~~~~~~~~~~~~~~~~~~~~~~~~~~~~~~~~~^~~~~~~~~~~~~~[m[K
[3.300s] [01m[K/home/autodrive_devkit/ros2_laser_scan_matcher/src/ydlidar_ros2_ws/src/ydlidar_ros2_driver/src/ydlidar_ros2_driver_node.cpp:192:56:[m[K [01;35m[Kwarning: [m[Kunused parameter ‘[01m[Kreq[m[K’ [[01;35m[K-Wunused-parameter[m[K]
[3.300s]   192 |   [01;35m[Kconst std::shared_ptr<std_srvs::srv::Empty::Request> req[m[K,
[3.300s]       |   [01;35m[K~~~~~~~~~~~~~~~~~~~~~~~~~~~~~~~~~~~~~~~~~~~~~~~~~~~~~^~~[m[K
[3.300s] [01m[K/home/autodrive_devkit/ros2_laser_scan_matcher/src/ydlidar_ros2_ws/src/ydlidar_ros2_driver/src/ydlidar_ros2_driver_node.cpp:193:51:[m[K [01;35m[Kwarning: [m[Kunused parameter ‘[01m[Kresponse[m[K’ [[01;35m[K-Wunused-parameter[m[K]
[3.300s]   193 |   [01;35m[Kstd::shared_ptr<std_srvs::srv::Empty::Response> response[m[K) -> bool
[3.300s]       |   [01;35m[K~~~~~~~~~~~~~~~~~~~~~~~~~~~~~~~~~~~~~~~~~~~~~~~~^~~~~~~~[m[K
[3.309s] [01m[K/home/autodrive_devkit/ros2_laser_scan_matcher/src/ydlidar_ros2_ws/src/ydlidar_ros2_driver/src/ydlidar_ros2_driver_node.cpp:[m[K In lambda function:
[3.309s] [01m[K/home/autodrive_devkit/ros2_laser_scan_matcher/src/ydlidar_ros2_ws/src/ydlidar_ros2_driver/src/ydlidar_ros2_driver_node.cpp:201:54:[m[K [01;35m[Kwarning: [m[Kunused parameter ‘[01m[Krequest_header[m[K’ [[01;35m[K-Wunused-parameter[m[K]
[3.309s]   201 |     [&laser]([01;35m[Kconst std::shared_ptr<rmw_request_id_t> request_header[m[K,
[3.310s]       |              [01;35m[K~~~~~~~~~~~~~~~~~~~~~~~~~~~~~~~~~~~~~~~~^~~~~~~~~~~~~~[m[K
[3.310s] [01m[K/home/autodrive_devkit/ros2_laser_scan_matcher/src/ydlidar_ros2_ws/src/ydlidar_ros2_driver/src/ydlidar_ros2_driver_node.cpp:202:56:[m[K [01;35m[Kwarning: [m[Kunused parameter ‘[01m[Kreq[m[K’ [[01;35m[K-Wunused-parameter[m[K]
[3.310s]   202 |   [01;35m[Kconst std::shared_ptr<std_srvs::srv::Empty::Request> req[m[K,
[3.310s]       |   [01;35m[K~~~~~~~~~~~~~~~~~~~~~~~~~~~~~~~~~~~~~~~~~~~~~~~~~~~~~^~~[m[K
[3.310s] [01m[K/home/autodrive_devkit/ros2_laser_scan_matcher/src/ydlidar_ros2_ws/src/ydlidar_ros2_driver/src/ydlidar_ros2_driver_node.cpp:203:51:[m[K [01;35m[Kwarning: [m[Kunused parameter ‘[01m[Kresponse[m[K’ [[01;35m[K-Wunused-parameter[m[K]
[3.310s]   203 |   [01;35m[Kstd::shared_ptr<std_srvs::srv::Empty::Response> response[m[K) -> bool
[3.310s]       |   [01;35m[K~~~~~~~~~~~~~~~~~~~~~~~~~~~~~~~~~~~~~~~~~~~~~~~~^~~~~~~~[m[K
[5.485s] [ 75%] [32m[1mLinking CXX executable ydlidar_ros2_driver_node[0m
[5.706s] [ 75%] Built target ydlidar_ros2_driver_node
[7.016s] [100%] [32m[1mLinking CXX executable ydlidar_ros2_driver_client[0m
[7.290s] [100%] Built target ydlidar_ros2_driver_client
[7.308s] Invoked command in '/home/autodrive_devkit/ros2_laser_scan_matcher/src/ydlidar_ros2_ws/src/ydlidar_ros2_driver/build/ydlidar_ros2_driver' returned '0': CMAKE_PREFIX_PATH=${CMAKE_PREFIX_PATH}:/home/autodrive_devkit/install/autodrive_roboracer:/opt/ros/humble /usr/bin/cmake --build /home/autodrive_devkit/ros2_laser_scan_matcher/src/ydlidar_ros2_ws/src/ydlidar_ros2_driver/build/ydlidar_ros2_driver -- -j12 -l12
[7.320s] Invoking command in '/home/autodrive_devkit/ros2_laser_scan_matcher/src/ydlidar_ros2_ws/src/ydlidar_ros2_driver/build/ydlidar_ros2_driver': CMAKE_PREFIX_PATH=${CMAKE_PREFIX_PATH}:/home/autodrive_devkit/install/autodrive_roboracer:/opt/ros/humble /usr/bin/cmake --install /home/autodrive_devkit/ros2_laser_scan_matcher/src/ydlidar_ros2_ws/src/ydlidar_ros2_driver/build/ydlidar_ros2_driver
[7.326s] -- Install configuration: ""
[7.326s] -- Execute custom install script
[7.326s] -- Symlinking: /home/autodrive_devkit/ros2_laser_scan_matcher/src/ydlidar_ros2_ws/src/ydlidar_ros2_driver/install/ydlidar_ros2_driver/lib/ydlidar_ros2_driver/ydlidar_ros2_driver_node
[7.340s] -- Symlinking: /home/autodrive_devkit/ros2_laser_scan_matcher/src/ydlidar_ros2_ws/src/ydlidar_ros2_driver/install/ydlidar_ros2_driver/lib/ydlidar_ros2_driver/ydlidar_ros2_driver_client
[7.354s] -- Symlinking: /home/autodrive_devkit/ros2_laser_scan_matcher/src/ydlidar_ros2_ws/src/ydlidar_ros2_driver/install/ydlidar_ros2_driver/share/ydlidar_ros2_driver/launch/ydlidar.py
[7.364s] -- Symlinking: /home/autodrive_devkit/ros2_laser_scan_matcher/src/ydlidar_ros2_ws/src/ydlidar_ros2_driver/install/ydlidar_ros2_driver/share/ydlidar_ros2_driver/launch/ydlidar_launch.py
[7.376s] -- Symlinking: /home/autodrive_devkit/ros2_laser_scan_matcher/src/ydlidar_ros2_ws/src/ydlidar_ros2_driver/install/ydlidar_ros2_driver/share/ydlidar_ros2_driver/launch/ydlidar_launch_view.py
[7.387s] -- Symlinking: /home/autodrive_devkit/ros2_laser_scan_matcher/src/ydlidar_ros2_ws/src/ydlidar_ros2_driver/install/ydlidar_ros2_driver/share/ydlidar_ros2_driver/params/G1.yaml
[7.398s] -- Symlinking: /home/autodrive_devkit/ros2_laser_scan_matcher/src/ydlidar_ros2_ws/src/ydlidar_ros2_driver/install/ydlidar_ros2_driver/share/ydlidar_ros2_driver/params/G2.yaml
[7.408s] -- Symlinking: /home/autodrive_devkit/ros2_laser_scan_matcher/src/ydlidar_ros2_ws/src/ydlidar_ros2_driver/install/ydlidar_ros2_driver/share/ydlidar_ros2_driver/params/G4.yaml
[7.417s] -- Symlinking: /home/autodrive_devkit/ros2_laser_scan_matcher/src/ydlidar_ros2_ws/src/ydlidar_ros2_driver/install/ydlidar_ros2_driver/share/ydlidar_ros2_driver/params/G6.yaml
[7.425s] -- Symlinking: /home/autodrive_devkit/ros2_laser_scan_matcher/src/ydlidar_ros2_ws/src/ydlidar_ros2_driver/install/ydlidar_ros2_driver/share/ydlidar_ros2_driver/params/GS2.yaml
[7.439s] -- Symlinking: /home/autodrive_devkit/ros2_laser_scan_matcher/src/ydlidar_ros2_ws/src/ydlidar_ros2_driver/install/ydlidar_ros2_driver/share/ydlidar_ros2_driver/params/GS5.yaml
[7.451s] -- Symlinking: /home/autodrive_devkit/ros2_laser_scan_matcher/src/ydlidar_ros2_ws/src/ydlidar_ros2_driver/install/ydlidar_ros2_driver/share/ydlidar_ros2_driver/params/TEA.yaml
[7.458s] -- Symlinking: /home/autodrive_devkit/ros2_laser_scan_matcher/src/ydlidar_ros2_ws/src/ydlidar_ros2_driver/install/ydlidar_ros2_driver/share/ydlidar_ros2_driver/params/TG.yaml
[7.469s] -- Symlinking: /home/autodrive_devkit/ros2_laser_scan_matcher/src/ydlidar_ros2_ws/src/ydlidar_ros2_driver/install/ydlidar_ros2_driver/share/ydlidar_ros2_driver/params/Tmini-Plus-SH.yaml
[7.480s] -- Symlinking: /home/autodrive_devkit/ros2_laser_scan_matcher/src/ydlidar_ros2_ws/src/ydlidar_ros2_driver/install/ydlidar_ros2_driver/share/ydlidar_ros2_driver/params/Tmini.yaml
[7.491s] -- Symlinking: /home/autodrive_devkit/ros2_laser_scan_matcher/src/ydlidar_ros2_ws/src/ydlidar_ros2_driver/install/ydlidar_ros2_driver/share/ydlidar_ros2_driver/params/X2.yaml
[7.501s] -- Symlinking: /home/autodrive_devkit/ros2_laser_scan_matcher/src/ydlidar_ros2_ws/src/ydlidar_ros2_driver/install/ydlidar_ros2_driver/share/ydlidar_ros2_driver/params/X3.yaml
[7.511s] -- Symlinking: /home/autodrive_devkit/ros2_laser_scan_matcher/src/ydlidar_ros2_ws/src/ydlidar_ros2_driver/install/ydlidar_ros2_driver/share/ydlidar_ros2_driver/params/X4-Pro.yaml
[7.521s] -- Symlinking: /home/autodrive_devkit/ros2_laser_scan_matcher/src/ydlidar_ros2_ws/src/ydlidar_ros2_driver/install/ydlidar_ros2_driver/share/ydlidar_ros2_driver/params/X4.yaml
[7.531s] -- Symlinking: /home/autodrive_devkit/ros2_laser_scan_matcher/src/ydlidar_ros2_ws/src/ydlidar_ros2_driver/install/ydlidar_ros2_driver/share/ydlidar_ros2_driver/params/sdm15.yaml
[7.539s] -- Symlinking: /home/autodrive_devkit/ros2_laser_scan_matcher/src/ydlidar_ros2_ws/src/ydlidar_ros2_driver/install/ydlidar_ros2_driver/share/ydlidar_ros2_driver/params/ydlidar.yaml
[7.547s] -- Symlinking: /home/autodrive_devkit/ros2_laser_scan_matcher/src/ydlidar_ros2_ws/src/ydlidar_ros2_driver/install/ydlidar_ros2_driver/share/ydlidar_ros2_driver/startup/initenv.sh
[7.554s] -- Symlinking: /home/autodrive_devkit/ros2_laser_scan_matcher/src/ydlidar_ros2_ws/src/ydlidar_ros2_driver/install/ydlidar_ros2_driver/share/ydlidar_ros2_driver/config/ydlidar.rviz
[7.562s] -- Symlinking: /home/autodrive_devkit/ros2_laser_scan_matcher/src/ydlidar_ros2_ws/src/ydlidar_ros2_driver/install/ydlidar_ros2_driver/share/ament_index/resource_index/package_run_dependencies/ydlidar_ros2_driver
[7.572s] -- Symlinking: /home/autodrive_devkit/ros2_laser_scan_matcher/src/ydlidar_ros2_ws/src/ydlidar_ros2_driver/install/ydlidar_ros2_driver/share/ament_index/resource_index/parent_prefix_path/ydlidar_ros2_driver
[7.583s] -- Symlinking: /home/autodrive_devkit/ros2_laser_scan_matcher/src/ydlidar_ros2_ws/src/ydlidar_ros2_driver/install/ydlidar_ros2_driver/share/ydlidar_ros2_driver/environment/ament_prefix_path.sh
[7.592s] -- Symlinking: /home/autodrive_devkit/ros2_laser_scan_matcher/src/ydlidar_ros2_ws/src/ydlidar_ros2_driver/install/ydlidar_ros2_driver/share/ydlidar_ros2_driver/environment/ament_prefix_path.dsv
[7.598s] -- Symlinking: /home/autodrive_devkit/ros2_laser_scan_matcher/src/ydlidar_ros2_ws/src/ydlidar_ros2_driver/install/ydlidar_ros2_driver/share/ydlidar_ros2_driver/environment/path.sh
[7.605s] -- Symlinking: /home/autodrive_devkit/ros2_laser_scan_matcher/src/ydlidar_ros2_ws/src/ydlidar_ros2_driver/install/ydlidar_ros2_driver/share/ydlidar_ros2_driver/environment/path.dsv
[7.613s] -- Symlinking: /home/autodrive_devkit/ros2_laser_scan_matcher/src/ydlidar_ros2_ws/src/ydlidar_ros2_driver/install/ydlidar_ros2_driver/share/ydlidar_ros2_driver/local_setup.bash
[7.623s] -- Symlinking: /home/autodrive_devkit/ros2_laser_scan_matcher/src/ydlidar_ros2_ws/src/ydlidar_ros2_driver/install/ydlidar_ros2_driver/share/ydlidar_ros2_driver/local_setup.sh
[7.635s] -- Symlinking: /home/autodrive_devkit/ros2_laser_scan_matcher/src/ydlidar_ros2_ws/src/ydlidar_ros2_driver/install/ydlidar_ros2_driver/share/ydlidar_ros2_driver/local_setup.zsh
[7.648s] -- Symlinking: /home/autodrive_devkit/ros2_laser_scan_matcher/src/ydlidar_ros2_ws/src/ydlidar_ros2_driver/install/ydlidar_ros2_driver/share/ydlidar_ros2_driver/local_setup.dsv
[7.659s] -- Symlinking: /home/autodrive_devkit/ros2_laser_scan_matcher/src/ydlidar_ros2_ws/src/ydlidar_ros2_driver/install/ydlidar_ros2_driver/share/ydlidar_ros2_driver/package.dsv
[7.668s] -- Symlinking: /home/autodrive_devkit/ros2_laser_scan_matcher/src/ydlidar_ros2_ws/src/ydlidar_ros2_driver/install/ydlidar_ros2_driver/share/ament_index/resource_index/packages/ydlidar_ros2_driver
[7.679s] -- Symlinking: /home/autodrive_devkit/ros2_laser_scan_matcher/src/ydlidar_ros2_ws/src/ydlidar_ros2_driver/install/ydlidar_ros2_driver/share/ydlidar_ros2_driver/cmake/ydlidar_ros2_driverConfig.cmake
[7.689s] -- Symlinking: /home/autodrive_devkit/ros2_laser_scan_matcher/src/ydlidar_ros2_ws/src/ydlidar_ros2_driver/install/ydlidar_ros2_driver/share/ydlidar_ros2_driver/cmake/ydlidar_ros2_driverConfig-version.cmake
[7.701s] -- Symlinking: /home/autodrive_devkit/ros2_laser_scan_matcher/src/ydlidar_ros2_ws/src/ydlidar_ros2_driver/install/ydlidar_ros2_driver/share/ydlidar_ros2_driver/package.xml
[7.713s] Invoked command in '/home/autodrive_devkit/ros2_laser_scan_matcher/src/ydlidar_ros2_ws/src/ydlidar_ros2_driver/build/ydlidar_ros2_driver' returned '0': CMAKE_PREFIX_PATH=${CMAKE_PREFIX_PATH}:/home/autodrive_devkit/install/autodrive_roboracer:/opt/ros/humble /usr/bin/cmake --install /home/autodrive_devkit/ros2_laser_scan_matcher/src/ydlidar_ros2_ws/src/ydlidar_ros2_driver/build/ydlidar_ros2_driver
