[0.013s] Invoking command in '/home/autodrive_devkit/ros2_laser_scan_matcher/src/ydlidar_ros2_ws/src/build/ydlidar_ros2_driver': CMAKE_PREFIX_PATH=${CMAKE_PREFIX_PATH}:/home/autodrive_devkit/install/autodrive_roboracer:/opt/ros/humble /usr/bin/cmake /home/autodrive_devkit/ros2_laser_scan_matcher/src/ydlidar_ros2_ws/src/ydlidar_ros2_driver -DAMENT_CMAKE_SYMLINK_INSTALL=1 -DCMAKE_INSTALL_PREFIX=/home/autodrive_devkit/ros2_laser_scan_matcher/src/ydlidar_ros2_ws/src/install/ydlidar_ros2_driver
[0.023s] -- Found ament_cmake: 1.3.11 (/opt/ros/humble/share/ament_cmake/cmake)
[0.111s] -- Override CMake install command with custom implementation using symlinks instead of copying resources
[0.115s] -- Found rclcpp: 16.0.11 (/opt/ros/humble/share/rclcpp/cmake)
[0.132s] -- Found rosidl_generator_c: 3.1.6 (/opt/ros/humble/share/rosidl_generator_c/cmake)
[0.133s] -- Found rosidl_adapter: 3.1.6 (/opt/ros/humble/share/rosidl_adapter/cmake)
[0.137s] -- Found rosidl_generator_cpp: 3.1.6 (/opt/ros/humble/share/rosidl_generator_cpp/cmake)
[0.143s] -- Using all available rosidl_typesupport_c: rosidl_typesupport_fastrtps_c;rosidl_typesupport_introspection_c
[0.150s] -- Using all available rosidl_typesupport_cpp: rosidl_typesupport_fastrtps_cpp;rosidl_typesupport_introspection_cpp
[0.168s] -- Found rmw_implementation_cmake: 6.1.2 (/opt/ros/humble/share/rmw_implementation_cmake/cmake)
[0.168s] -- Found rmw_fastrtps_cpp: 6.2.7 (/opt/ros/humble/share/rmw_fastrtps_cpp/cmake)
[0.240s] -- Using RMW implementation 'rmw_fastrtps_cpp' as default
[0.268s] -- Found sensor_msgs: 4.2.4 (/opt/ros/humble/share/sensor_msgs/cmake)
[0.284s] -- Found visualization_msgs: 4.2.4 (/opt/ros/humble/share/visualization_msgs/cmake)
[0.294s] -- Found std_srvs: 4.2.4 (/opt/ros/humble/share/std_srvs/cmake)
[0.304s] -- Found ament_lint_auto: 0.12.11 (/opt/ros/humble/share/ament_lint_auto/cmake)
[0.366s] -- Added test 'copyright' to check source files copyright and LICENSE
[0.395s] -- Added test 'cppcheck' to perform static code analysis on C / C++ code
[0.396s] -- Configured cppcheck include dirs: /home/autodrive_devkit/ros2_laser_scan_matcher/src/ydlidar_ros2_ws/src/ydlidar_ros2_driver/src
[0.396s] -- Configured cppcheck exclude dirs and/or files: 
[0.406s] -- Added test 'cpplint' to check C / C++ code against the Google style
[0.406s] -- Configured cpplint exclude dirs and/or files: 
[0.408s] -- Added test 'flake8' to check Python code syntax and style conventions
[0.411s] -- Added test 'lint_cmake' to check CMake code style
[0.413s] -- Added test 'pep257' to check Python code against some of the docstring style conventions in PEP 257
[0.424s] -- Added test 'uncrustify' to check C / C++ code style
[0.424s] -- Configured uncrustify additional arguments: 
[0.426s] -- Added test 'xmllint' to check XML markup files
[0.427s] -- Configuring done
[0.435s] -- Generating done
[0.438s] -- Build files have been written to: /home/autodrive_devkit/ros2_laser_scan_matcher/src/ydlidar_ros2_ws/src/build/ydlidar_ros2_driver
[0.442s] Invoked command in '/home/autodrive_devkit/ros2_laser_scan_matcher/src/ydlidar_ros2_ws/src/build/ydlidar_ros2_driver' returned '0': CMAKE_PREFIX_PATH=${CMAKE_PREFIX_PATH}:/home/autodrive_devkit/install/autodrive_roboracer:/opt/ros/humble /usr/bin/cmake /home/autodrive_devkit/ros2_laser_scan_matcher/src/ydlidar_ros2_ws/src/ydlidar_ros2_driver -DAMENT_CMAKE_SYMLINK_INSTALL=1 -DCMAKE_INSTALL_PREFIX=/home/autodrive_devkit/ros2_laser_scan_matcher/src/ydlidar_ros2_ws/src/install/ydlidar_ros2_driver
[0.443s] Invoking command in '/home/autodrive_devkit/ros2_laser_scan_matcher/src/ydlidar_ros2_ws/src/build/ydlidar_ros2_driver': CMAKE_PREFIX_PATH=${CMAKE_PREFIX_PATH}:/home/autodrive_devkit/install/autodrive_roboracer:/opt/ros/humble /usr/bin/cmake --build /home/autodrive_devkit/ros2_laser_scan_matcher/src/ydlidar_ros2_ws/src/build/ydlidar_ros2_driver -- -j12 -l12
[0.478s] [ 25%] [32mBuilding CXX object CMakeFiles/ydlidar_ros2_driver_node.dir/src/ydlidar_ros2_driver_node.cpp.o[0m
[0.480s] [ 50%] [32mBuilding CXX object CMakeFiles/ydlidar_ros2_driver_client.dir/src/ydlidar_ros2_driver_client.cpp.o[0m
[1.869s] [01m[K/home/autodrive_devkit/ros2_laser_scan_matcher/src/ydlidar_ros2_ws/src/ydlidar_ros2_driver/src/ydlidar_ros2_driver_node.cpp:[m[K In lambda function:
[1.869s] [01m[K/home/autodrive_devkit/ros2_laser_scan_matcher/src/ydlidar_ros2_ws/src/ydlidar_ros2_driver/src/ydlidar_ros2_driver_node.cpp:191:54:[m[K [01;35m[Kwarning: [m[Kunused parameter ‘[01m[Krequest_header[m[K’ [[01;35m[K-Wunused-parameter[m[K]
[1.869s]   191 |     [&laser]([01;35m[Kconst std::shared_ptr<rmw_request_id_t> request_header[m[K,
[1.869s]       |              [01;35m[K~~~~~~~~~~~~~~~~~~~~~~~~~~~~~~~~~~~~~~~~^~~~~~~~~~~~~~[m[K
[1.869s] [01m[K/home/autodrive_devkit/ros2_laser_scan_matcher/src/ydlidar_ros2_ws/src/ydlidar_ros2_driver/src/ydlidar_ros2_driver_node.cpp:192:56:[m[K [01;35m[Kwarning: [m[Kunused parameter ‘[01m[Kreq[m[K’ [[01;35m[K-Wunused-parameter[m[K]
[1.869s]   192 |   [01;35m[Kconst std::shared_ptr<std_srvs::srv::Empty::Request> req[m[K,
[1.869s]       |   [01;35m[K~~~~~~~~~~~~~~~~~~~~~~~~~~~~~~~~~~~~~~~~~~~~~~~~~~~~~^~~[m[K
[1.869s] [01m[K/home/autodrive_devkit/ros2_laser_scan_matcher/src/ydlidar_ros2_ws/src/ydlidar_ros2_driver/src/ydlidar_ros2_driver_node.cpp:193:51:[m[K [01;35m[Kwarning: [m[Kunused parameter ‘[01m[Kresponse[m[K’ [[01;35m[K-Wunused-parameter[m[K]
[1.869s]   193 |   [01;35m[Kstd::shared_ptr<std_srvs::srv::Empty::Response> response[m[K) -> bool
[1.869s]       |   [01;35m[K~~~~~~~~~~~~~~~~~~~~~~~~~~~~~~~~~~~~~~~~~~~~~~~~^~~~~~~~[m[K
[1.877s] [01m[K/home/autodrive_devkit/ros2_laser_scan_matcher/src/ydlidar_ros2_ws/src/ydlidar_ros2_driver/src/ydlidar_ros2_driver_node.cpp:[m[K In lambda function:
[1.877s] [01m[K/home/autodrive_devkit/ros2_laser_scan_matcher/src/ydlidar_ros2_ws/src/ydlidar_ros2_driver/src/ydlidar_ros2_driver_node.cpp:201:54:[m[K [01;35m[Kwarning: [m[Kunused parameter ‘[01m[Krequest_header[m[K’ [[01;35m[K-Wunused-parameter[m[K]
[1.877s]   201 |     [&laser]([01;35m[Kconst std::shared_ptr<rmw_request_id_t> request_header[m[K,
[1.878s]       |              [01;35m[K~~~~~~~~~~~~~~~~~~~~~~~~~~~~~~~~~~~~~~~~^~~~~~~~~~~~~~[m[K
[1.878s] [01m[K/home/autodrive_devkit/ros2_laser_scan_matcher/src/ydlidar_ros2_ws/src/ydlidar_ros2_driver/src/ydlidar_ros2_driver_node.cpp:202:56:[m[K [01;35m[Kwarning: [m[Kunused parameter ‘[01m[Kreq[m[K’ [[01;35m[K-Wunused-parameter[m[K]
[1.878s]   202 |   [01;35m[Kconst std::shared_ptr<std_srvs::srv::Empty::Request> req[m[K,
[1.878s]       |   [01;35m[K~~~~~~~~~~~~~~~~~~~~~~~~~~~~~~~~~~~~~~~~~~~~~~~~~~~~~^~~[m[K
[1.878s] [01m[K/home/autodrive_devkit/ros2_laser_scan_matcher/src/ydlidar_ros2_ws/src/ydlidar_ros2_driver/src/ydlidar_ros2_driver_node.cpp:203:51:[m[K [01;35m[Kwarning: [m[Kunused parameter ‘[01m[Kresponse[m[K’ [[01;35m[K-Wunused-parameter[m[K]
[1.878s]   203 |   [01;35m[Kstd::shared_ptr<std_srvs::srv::Empty::Response> response[m[K) -> bool
[1.878s]       |   [01;35m[K~~~~~~~~~~~~~~~~~~~~~~~~~~~~~~~~~~~~~~~~~~~~~~~~^~~~~~~~[m[K
[3.783s] [ 75%] [32m[1mLinking CXX executable ydlidar_ros2_driver_node[0m
[4.034s] [ 75%] Built target ydlidar_ros2_driver_node
[5.108s] [100%] [32m[1mLinking CXX executable ydlidar_ros2_driver_client[0m
[5.334s] [100%] Built target ydlidar_ros2_driver_client
[5.349s] Invoked command in '/home/autodrive_devkit/ros2_laser_scan_matcher/src/ydlidar_ros2_ws/src/build/ydlidar_ros2_driver' returned '0': CMAKE_PREFIX_PATH=${CMAKE_PREFIX_PATH}:/home/autodrive_devkit/install/autodrive_roboracer:/opt/ros/humble /usr/bin/cmake --build /home/autodrive_devkit/ros2_laser_scan_matcher/src/ydlidar_ros2_ws/src/build/ydlidar_ros2_driver -- -j12 -l12
[5.350s] Invoking command in '/home/autodrive_devkit/ros2_laser_scan_matcher/src/ydlidar_ros2_ws/src/build/ydlidar_ros2_driver': CMAKE_PREFIX_PATH=${CMAKE_PREFIX_PATH}:/home/autodrive_devkit/install/autodrive_roboracer:/opt/ros/humble /usr/bin/cmake --install /home/autodrive_devkit/ros2_laser_scan_matcher/src/ydlidar_ros2_ws/src/build/ydlidar_ros2_driver
[5.354s] -- Install configuration: ""
[5.354s] -- Execute custom install script
[5.354s] -- Symlinking: /home/autodrive_devkit/ros2_laser_scan_matcher/src/ydlidar_ros2_ws/src/install/ydlidar_ros2_driver/lib/ydlidar_ros2_driver/ydlidar_ros2_driver_node
[5.360s] -- Symlinking: /home/autodrive_devkit/ros2_laser_scan_matcher/src/ydlidar_ros2_ws/src/install/ydlidar_ros2_driver/lib/ydlidar_ros2_driver/ydlidar_ros2_driver_client
[5.366s] -- Symlinking: /home/autodrive_devkit/ros2_laser_scan_matcher/src/ydlidar_ros2_ws/src/install/ydlidar_ros2_driver/share/ydlidar_ros2_driver/launch/ydlidar.py
[5.372s] -- Symlinking: /home/autodrive_devkit/ros2_laser_scan_matcher/src/ydlidar_ros2_ws/src/install/ydlidar_ros2_driver/share/ydlidar_ros2_driver/launch/ydlidar_launch.py
[5.378s] -- Symlinking: /home/autodrive_devkit/ros2_laser_scan_matcher/src/ydlidar_ros2_ws/src/install/ydlidar_ros2_driver/share/ydlidar_ros2_driver/launch/ydlidar_launch_view.py
[5.384s] -- Symlinking: /home/autodrive_devkit/ros2_laser_scan_matcher/src/ydlidar_ros2_ws/src/install/ydlidar_ros2_driver/share/ydlidar_ros2_driver/params/G1.yaml
[5.389s] -- Symlinking: /home/autodrive_devkit/ros2_laser_scan_matcher/src/ydlidar_ros2_ws/src/install/ydlidar_ros2_driver/share/ydlidar_ros2_driver/params/G2.yaml
[5.394s] -- Symlinking: /home/autodrive_devkit/ros2_laser_scan_matcher/src/ydlidar_ros2_ws/src/install/ydlidar_ros2_driver/share/ydlidar_ros2_driver/params/G4.yaml
[5.400s] -- Symlinking: /home/autodrive_devkit/ros2_laser_scan_matcher/src/ydlidar_ros2_ws/src/install/ydlidar_ros2_driver/share/ydlidar_ros2_driver/params/G6.yaml
[5.405s] -- Symlinking: /home/autodrive_devkit/ros2_laser_scan_matcher/src/ydlidar_ros2_ws/src/install/ydlidar_ros2_driver/share/ydlidar_ros2_driver/params/GS2.yaml
[5.409s] -- Symlinking: /home/autodrive_devkit/ros2_laser_scan_matcher/src/ydlidar_ros2_ws/src/install/ydlidar_ros2_driver/share/ydlidar_ros2_driver/params/GS5.yaml
[5.415s] -- Symlinking: /home/autodrive_devkit/ros2_laser_scan_matcher/src/ydlidar_ros2_ws/src/install/ydlidar_ros2_driver/share/ydlidar_ros2_driver/params/TEA.yaml
[5.419s] -- Symlinking: /home/autodrive_devkit/ros2_laser_scan_matcher/src/ydlidar_ros2_ws/src/install/ydlidar_ros2_driver/share/ydlidar_ros2_driver/params/TG.yaml
[5.424s] -- Symlinking: /home/autodrive_devkit/ros2_laser_scan_matcher/src/ydlidar_ros2_ws/src/install/ydlidar_ros2_driver/share/ydlidar_ros2_driver/params/Tmini-Plus-SH.yaml
[5.430s] -- Symlinking: /home/autodrive_devkit/ros2_laser_scan_matcher/src/ydlidar_ros2_ws/src/install/ydlidar_ros2_driver/share/ydlidar_ros2_driver/params/Tmini.yaml
[5.435s] -- Symlinking: /home/autodrive_devkit/ros2_laser_scan_matcher/src/ydlidar_ros2_ws/src/install/ydlidar_ros2_driver/share/ydlidar_ros2_driver/params/X2.yaml
[5.441s] -- Symlinking: /home/autodrive_devkit/ros2_laser_scan_matcher/src/ydlidar_ros2_ws/src/install/ydlidar_ros2_driver/share/ydlidar_ros2_driver/params/X3.yaml
[5.446s] -- Symlinking: /home/autodrive_devkit/ros2_laser_scan_matcher/src/ydlidar_ros2_ws/src/install/ydlidar_ros2_driver/share/ydlidar_ros2_driver/params/X4-Pro.yaml
[5.451s] -- Symlinking: /home/autodrive_devkit/ros2_laser_scan_matcher/src/ydlidar_ros2_ws/src/install/ydlidar_ros2_driver/share/ydlidar_ros2_driver/params/X4.yaml
[5.458s] -- Symlinking: /home/autodrive_devkit/ros2_laser_scan_matcher/src/ydlidar_ros2_ws/src/install/ydlidar_ros2_driver/share/ydlidar_ros2_driver/params/sdm15.yaml
[5.463s] -- Symlinking: /home/autodrive_devkit/ros2_laser_scan_matcher/src/ydlidar_ros2_ws/src/install/ydlidar_ros2_driver/share/ydlidar_ros2_driver/params/ydlidar.yaml
[5.469s] -- Symlinking: /home/autodrive_devkit/ros2_laser_scan_matcher/src/ydlidar_ros2_ws/src/install/ydlidar_ros2_driver/share/ydlidar_ros2_driver/startup/initenv.sh
[5.474s] -- Symlinking: /home/autodrive_devkit/ros2_laser_scan_matcher/src/ydlidar_ros2_ws/src/install/ydlidar_ros2_driver/share/ydlidar_ros2_driver/config/ydlidar.rviz
[5.480s] -- Symlinking: /home/autodrive_devkit/ros2_laser_scan_matcher/src/ydlidar_ros2_ws/src/install/ydlidar_ros2_driver/share/ament_index/resource_index/package_run_dependencies/ydlidar_ros2_driver
[5.484s] -- Symlinking: /home/autodrive_devkit/ros2_laser_scan_matcher/src/ydlidar_ros2_ws/src/install/ydlidar_ros2_driver/share/ament_index/resource_index/parent_prefix_path/ydlidar_ros2_driver
[5.491s] -- Symlinking: /home/autodrive_devkit/ros2_laser_scan_matcher/src/ydlidar_ros2_ws/src/install/ydlidar_ros2_driver/share/ydlidar_ros2_driver/environment/ament_prefix_path.sh
[5.496s] -- Symlinking: /home/autodrive_devkit/ros2_laser_scan_matcher/src/ydlidar_ros2_ws/src/install/ydlidar_ros2_driver/share/ydlidar_ros2_driver/environment/ament_prefix_path.dsv
[5.500s] -- Symlinking: /home/autodrive_devkit/ros2_laser_scan_matcher/src/ydlidar_ros2_ws/src/install/ydlidar_ros2_driver/share/ydlidar_ros2_driver/environment/path.sh
[5.507s] -- Symlinking: /home/autodrive_devkit/ros2_laser_scan_matcher/src/ydlidar_ros2_ws/src/install/ydlidar_ros2_driver/share/ydlidar_ros2_driver/environment/path.dsv
[5.511s] -- Symlinking: /home/autodrive_devkit/ros2_laser_scan_matcher/src/ydlidar_ros2_ws/src/install/ydlidar_ros2_driver/share/ydlidar_ros2_driver/local_setup.bash
[5.516s] -- Symlinking: /home/autodrive_devkit/ros2_laser_scan_matcher/src/ydlidar_ros2_ws/src/install/ydlidar_ros2_driver/share/ydlidar_ros2_driver/local_setup.sh
[5.521s] -- Symlinking: /home/autodrive_devkit/ros2_laser_scan_matcher/src/ydlidar_ros2_ws/src/install/ydlidar_ros2_driver/share/ydlidar_ros2_driver/local_setup.zsh
[5.528s] -- Symlinking: /home/autodrive_devkit/ros2_laser_scan_matcher/src/ydlidar_ros2_ws/src/install/ydlidar_ros2_driver/share/ydlidar_ros2_driver/local_setup.dsv
[5.533s] -- Symlinking: /home/autodrive_devkit/ros2_laser_scan_matcher/src/ydlidar_ros2_ws/src/install/ydlidar_ros2_driver/share/ydlidar_ros2_driver/package.dsv
[5.539s] -- Symlinking: /home/autodrive_devkit/ros2_laser_scan_matcher/src/ydlidar_ros2_ws/src/install/ydlidar_ros2_driver/share/ament_index/resource_index/packages/ydlidar_ros2_driver
[5.543s] -- Symlinking: /home/autodrive_devkit/ros2_laser_scan_matcher/src/ydlidar_ros2_ws/src/install/ydlidar_ros2_driver/share/ydlidar_ros2_driver/cmake/ydlidar_ros2_driverConfig.cmake
[5.550s] -- Symlinking: /home/autodrive_devkit/ros2_laser_scan_matcher/src/ydlidar_ros2_ws/src/install/ydlidar_ros2_driver/share/ydlidar_ros2_driver/cmake/ydlidar_ros2_driverConfig-version.cmake
[5.557s] -- Symlinking: /home/autodrive_devkit/ros2_laser_scan_matcher/src/ydlidar_ros2_ws/src/install/ydlidar_ros2_driver/share/ydlidar_ros2_driver/package.xml
[5.564s] Invoked command in '/home/autodrive_devkit/ros2_laser_scan_matcher/src/ydlidar_ros2_ws/src/build/ydlidar_ros2_driver' returned '0': CMAKE_PREFIX_PATH=${CMAKE_PREFIX_PATH}:/home/autodrive_devkit/install/autodrive_roboracer:/opt/ros/humble /usr/bin/cmake --install /home/autodrive_devkit/ros2_laser_scan_matcher/src/ydlidar_ros2_ws/src/build/ydlidar_ros2_driver
