[0.010s] Invoking command in '/home/autodrive_devkit/ros2_laser_scan_matcher/build/ros2_laser_scan_matcher': CMAKE_PREFIX_PATH=${CMAKE_PREFIX_PATH}:/home/autodrive_devkit/install/autodrive_roboracer:/opt/ros/humble /usr/bin/cmake --build /home/autodrive_devkit/ros2_laser_scan_matcher/build/ros2_laser_scan_matcher -- -j12 -l12
[0.041s] [35m[1mConsolidate compiler generated dependencies of target laser_scan_matcher[0m
[0.062s] [ 50%] [32mBuilding CXX object CMakeFiles/laser_scan_matcher.dir/src/laser_scan_matcher.cpp.o[0m
[0.516s] In file included from [01m[K/home/autodrive_devkit/ros2_laser_scan_matcher/include/ros2_laser_scan_matcher/laser_scan_matcher.h:47[m[K,
[0.516s]                  from [01m[K/home/autodrive_devkit/ros2_laser_scan_matcher/src/laser_scan_matcher.cpp:38[m[K:
[0.516s] [01m[K/opt/ros/humble/include/tf2_geometry_msgs/tf2_geometry_msgs/tf2_geometry_msgs.h:35:2:[m[K [01;35m[Kwarning: [m[K#warning This header is obsolete, please include tf2_geometry_msgs/tf2_geometry_msgs.hpp instead [[01;35m[K-Wcpp[m[K]
[0.517s]    35 | #[01;35m[Kwarning[m[K This header is obsolete, please include tf2_geometry_msgs/tf2_geometry_msgs.hpp instead
[0.517s]       |  [01;35m[K^~~~~~~[m[K
[8.637s] [100%] [32m[1mLinking CXX executable laser_scan_matcher[0m
[9.189s] [100%] Built target laser_scan_matcher
[9.198s] Invoked command in '/home/autodrive_devkit/ros2_laser_scan_matcher/build/ros2_laser_scan_matcher' returned '0': CMAKE_PREFIX_PATH=${CMAKE_PREFIX_PATH}:/home/autodrive_devkit/install/autodrive_roboracer:/opt/ros/humble /usr/bin/cmake --build /home/autodrive_devkit/ros2_laser_scan_matcher/build/ros2_laser_scan_matcher -- -j12 -l12
[9.205s] Invoking command in '/home/autodrive_devkit/ros2_laser_scan_matcher/build/ros2_laser_scan_matcher': CMAKE_PREFIX_PATH=${CMAKE_PREFIX_PATH}:/home/autodrive_devkit/install/autodrive_roboracer:/opt/ros/humble /usr/bin/cmake --install /home/autodrive_devkit/ros2_laser_scan_matcher/build/ros2_laser_scan_matcher
[9.210s] -- Install configuration: ""
[9.210s] -- Execute custom install script
[9.210s] -- Up-to-date symlink: /home/autodrive_devkit/ros2_laser_scan_matcher/install/ros2_laser_scan_matcher/lib/ros2_laser_scan_matcher/laser_scan_matcher
[9.210s] -- Up-to-date symlink: /home/autodrive_devkit/ros2_laser_scan_matcher/install/ros2_laser_scan_matcher/share/ament_index/resource_index/package_run_dependencies/ros2_laser_scan_matcher
[9.210s] -- Up-to-date symlink: /home/autodrive_devkit/ros2_laser_scan_matcher/install/ros2_laser_scan_matcher/share/ament_index/resource_index/parent_prefix_path/ros2_laser_scan_matcher
[9.210s] -- Up-to-date symlink: /home/autodrive_devkit/ros2_laser_scan_matcher/install/ros2_laser_scan_matcher/share/ros2_laser_scan_matcher/environment/ament_prefix_path.sh
[9.210s] -- Up-to-date symlink: /home/autodrive_devkit/ros2_laser_scan_matcher/install/ros2_laser_scan_matcher/share/ros2_laser_scan_matcher/environment/ament_prefix_path.dsv
[9.210s] -- Up-to-date symlink: /home/autodrive_devkit/ros2_laser_scan_matcher/install/ros2_laser_scan_matcher/share/ros2_laser_scan_matcher/environment/path.sh
[9.210s] -- Up-to-date symlink: /home/autodrive_devkit/ros2_laser_scan_matcher/install/ros2_laser_scan_matcher/share/ros2_laser_scan_matcher/environment/path.dsv
[9.211s] -- Up-to-date symlink: /home/autodrive_devkit/ros2_laser_scan_matcher/install/ros2_laser_scan_matcher/share/ros2_laser_scan_matcher/local_setup.bash
[9.211s] -- Up-to-date symlink: /home/autodrive_devkit/ros2_laser_scan_matcher/install/ros2_laser_scan_matcher/share/ros2_laser_scan_matcher/local_setup.sh
[9.211s] -- Up-to-date symlink: /home/autodrive_devkit/ros2_laser_scan_matcher/install/ros2_laser_scan_matcher/share/ros2_laser_scan_matcher/local_setup.zsh
[9.211s] -- Up-to-date symlink: /home/autodrive_devkit/ros2_laser_scan_matcher/install/ros2_laser_scan_matcher/share/ros2_laser_scan_matcher/local_setup.dsv
[9.211s] -- Symlinking: /home/autodrive_devkit/ros2_laser_scan_matcher/install/ros2_laser_scan_matcher/share/ros2_laser_scan_matcher/package.dsv
[9.218s] -- Up-to-date symlink: /home/autodrive_devkit/ros2_laser_scan_matcher/install/ros2_laser_scan_matcher/share/ament_index/resource_index/packages/ros2_laser_scan_matcher
[9.218s] -- Up-to-date symlink: /home/autodrive_devkit/ros2_laser_scan_matcher/install/ros2_laser_scan_matcher/share/ros2_laser_scan_matcher/cmake/ros2_laser_scan_matcherConfig.cmake
[9.219s] -- Up-to-date symlink: /home/autodrive_devkit/ros2_laser_scan_matcher/install/ros2_laser_scan_matcher/share/ros2_laser_scan_matcher/cmake/ros2_laser_scan_matcherConfig-version.cmake
[9.219s] -- Up-to-date symlink: /home/autodrive_devkit/ros2_laser_scan_matcher/install/ros2_laser_scan_matcher/share/ros2_laser_scan_matcher/package.xml
[9.220s] Invoked command in '/home/autodrive_devkit/ros2_laser_scan_matcher/build/ros2_laser_scan_matcher' returned '0': CMAKE_PREFIX_PATH=${CMAKE_PREFIX_PATH}:/home/autodrive_devkit/install/autodrive_roboracer:/opt/ros/humble /usr/bin/cmake --install /home/autodrive_devkit/ros2_laser_scan_matcher/build/ros2_laser_scan_matcher
