[0.009s] Invoking command in '/home/autodrive_devkit/ros2_laser_scan_matcher/src/ydlidar_ros2_ws/src/build/ydlidar_sdk': /usr/bin/cmake --build /home/autodrive_devkit/ros2_laser_scan_matcher/src/ydlidar_ros2_ws/src/build/ydlidar_sdk -- -j12 -l12
[0.039s] [35m[1mConsolidate compiler generated dependencies of target ydlidar_sdk[0m
[0.054s] [ 38%] Built target ydlidar_sdk
[0.065s] [35m[1mConsolidate compiler generated dependencies of target et_test[0m
[0.066s] [35m[1mConsolidate compiler generated dependencies of target gs_ota[0m
[0.066s] [35m[1mConsolidate compiler generated dependencies of target sdm18_test[0m
[0.066s] [35m[1mConsolidate compiler generated dependencies of target scl_test[0m
[0.066s] [35m[1mConsolidate compiler generated dependencies of target sdm_test[0m
[0.066s] [35m[1mConsolidate compiler generated dependencies of target tea_test[0m
[0.066s] [35m[1mConsolidate compiler generated dependencies of target gs_test[0m
[0.066s] [35m[1mConsolidate compiler generated dependencies of target tia_test[0m
[0.066s] [35m[1mConsolidate compiler generated dependencies of target gs_test2[0m
[0.066s] [35m[1mConsolidate compiler generated dependencies of target tmini_test[0m
[0.066s] [35m[1mConsolidate compiler generated dependencies of target gs_restart[0m
[0.067s] [35m[1mConsolidate compiler generated dependencies of target tmini-sh_test[0m
[0.075s] [ 49%] Built target et_test
[0.075s] [ 49%] Built target scl_test
[0.075s] [ 49%] Built target sdm18_test
[0.075s] [ 52%] Built target gs_ota
[0.075s] [ 60%] Built target sdm_test
[0.075s] [ 60%] Built target tea_test
[0.075s] [ 63%] Built target gs_test2
[0.076s] [ 70%] Built target gs_restart
[0.076s] [ 70%] Built target tmini-sh_test
[0.077s] [ 74%] Built target gs_test
[0.077s] [ 78%] Built target tmini_test
[0.080s] [ 81%] Built target tia_test
[0.080s] [35m[1mConsolidate compiler generated dependencies of target tof_test[0m
[0.081s] [35m[1mConsolidate compiler generated dependencies of target lidar_c_api_test[0m
[0.081s] [35m[1mConsolidate compiler generated dependencies of target tri_restart[0m
[0.081s] [35m[1mConsolidate compiler generated dependencies of target tri_test[0m
[0.083s] [35m[1mConsolidate compiler generated dependencies of target tri_and_gs_test[0m
[0.087s] [ 85%] Built target lidar_c_api_test
[0.087s] [ 89%] Built target tof_test
[0.089s] [ 92%] Built target tri_restart
[0.089s] [ 96%] Built target tri_test
[0.091s] [100%] Built target tri_and_gs_test
[0.098s] Invoked command in '/home/autodrive_devkit/ros2_laser_scan_matcher/src/ydlidar_ros2_ws/src/build/ydlidar_sdk' returned '0': /usr/bin/cmake --build /home/autodrive_devkit/ros2_laser_scan_matcher/src/ydlidar_ros2_ws/src/build/ydlidar_sdk -- -j12 -l12
[0.106s] Invoking command in '/home/autodrive_devkit/ros2_laser_scan_matcher/src/ydlidar_ros2_ws/src/build/ydlidar_sdk': /usr/bin/cmake --install /home/autodrive_devkit/ros2_laser_scan_matcher/src/ydlidar_ros2_ws/src/build/ydlidar_sdk
[0.112s] -- Install configuration: ""
[0.112s] -- Installing: /home/autodrive_devkit/ros2_laser_scan_matcher/src/ydlidar_ros2_ws/src/install/ydlidar_sdk/include/core/base/datatype.h
[0.112s] -- Installing: /home/autodrive_devkit/ros2_laser_scan_matcher/src/ydlidar_ros2_ws/src/install/ydlidar_sdk/include/core/base/locker.h
[0.112s] -- Installing: /home/autodrive_devkit/ros2_laser_scan_matcher/src/ydlidar_ros2_ws/src/install/ydlidar_sdk/include/core/base/thread.h
[0.112s] -- Installing: /home/autodrive_devkit/ros2_laser_scan_matcher/src/ydlidar_ros2_ws/src/install/ydlidar_sdk/include/core/base/timer.h
[0.113s] -- Installing: /home/autodrive_devkit/ros2_laser_scan_matcher/src/ydlidar_ros2_ws/src/install/ydlidar_sdk/include/core/base/typedef.h
[0.113s] -- Installing: /home/autodrive_devkit/ros2_laser_scan_matcher/src/ydlidar_ros2_ws/src/install/ydlidar_sdk/include/core/base/utils.h
[0.113s] -- Installing: /home/autodrive_devkit/ros2_laser_scan_matcher/src/ydlidar_ros2_ws/src/install/ydlidar_sdk/include/core/base/v8stdint.h
[0.113s] -- Installing: /home/autodrive_devkit/ros2_laser_scan_matcher/src/ydlidar_ros2_ws/src/install/ydlidar_sdk/include/core/base/ydlidar.h
[0.113s] -- Installing: /home/autodrive_devkit/ros2_laser_scan_matcher/src/ydlidar_ros2_ws/src/install/ydlidar_sdk/include/core/common/ChannelDevice.h
[0.113s] -- Installing: /home/autodrive_devkit/ros2_laser_scan_matcher/src/ydlidar_ros2_ws/src/install/ydlidar_sdk/include/core/common/DriverInterface.h
[0.113s] -- Installing: /home/autodrive_devkit/ros2_laser_scan_matcher/src/ydlidar_ros2_ws/src/install/ydlidar_sdk/include/core/common/ydlidar_datatype.h
[0.113s] -- Installing: /home/autodrive_devkit/ros2_laser_scan_matcher/src/ydlidar_ros2_ws/src/install/ydlidar_sdk/include/core/common/ydlidar_def.h
[0.113s] -- Installing: /home/autodrive_devkit/ros2_laser_scan_matcher/src/ydlidar_ros2_ws/src/install/ydlidar_sdk/include/core/common/ydlidar_help.h
[0.113s] -- Installing: /home/autodrive_devkit/ros2_laser_scan_matcher/src/ydlidar_ros2_ws/src/install/ydlidar_sdk/include/core/common/ydlidar_protocol.h
[0.113s] -- Installing: /home/autodrive_devkit/ros2_laser_scan_matcher/src/ydlidar_ros2_ws/src/install/ydlidar_sdk/include/core/json/cJSON.h
[0.114s] -- Installing: /home/autodrive_devkit/ros2_laser_scan_matcher/src/ydlidar_ros2_ws/src/install/ydlidar_sdk/include/core/math/angles.h
[0.114s] -- Installing: /home/autodrive_devkit/ros2_laser_scan_matcher/src/ydlidar_ros2_ws/src/install/ydlidar_sdk/include/core/network/ActiveSocket.h
[0.114s] -- Installing: /home/autodrive_devkit/ros2_laser_scan_matcher/src/ydlidar_ros2_ws/src/install/ydlidar_sdk/include/core/network/PassiveSocket.h
[0.114s] -- Installing: /home/autodrive_devkit/ros2_laser_scan_matcher/src/ydlidar_ros2_ws/src/install/ydlidar_sdk/include/core/network/SimpleSocket.h
[0.114s] -- Installing: /home/autodrive_devkit/ros2_laser_scan_matcher/src/ydlidar_ros2_ws/src/install/ydlidar_sdk/include/core/network/StatTimer.h
[0.114s] -- Installing: /home/autodrive_devkit/ros2_laser_scan_matcher/src/ydlidar_ros2_ws/src/install/ydlidar_sdk/include/core/serial/common.h
[0.114s] -- Installing: /home/autodrive_devkit/ros2_laser_scan_matcher/src/ydlidar_ros2_ws/src/install/ydlidar_sdk/include/core/serial/serial.h
[0.114s] -- Installing: /home/autodrive_devkit/ros2_laser_scan_matcher/src/ydlidar_ros2_ws/src/install/ydlidar_sdk/include/core/serial/impl/unix/lock.h
[0.114s] -- Installing: /home/autodrive_devkit/ros2_laser_scan_matcher/src/ydlidar_ros2_ws/src/install/ydlidar_sdk/include/core/serial/impl/unix/unix.h
[0.114s] -- Installing: /home/autodrive_devkit/ros2_laser_scan_matcher/src/ydlidar_ros2_ws/src/install/ydlidar_sdk/include/core/serial/impl/unix/unix_serial.h
[0.114s] -- Installing: /home/autodrive_devkit/ros2_laser_scan_matcher/src/ydlidar_ros2_ws/src/install/ydlidar_sdk/include/src/CYdLidar.h
[0.114s] -- Installing: /home/autodrive_devkit/ros2_laser_scan_matcher/src/ydlidar_ros2_ws/src/install/ydlidar_sdk/include/src/DTSLidarDriver.h
[0.114s] -- Installing: /home/autodrive_devkit/ros2_laser_scan_matcher/src/ydlidar_ros2_ws/src/install/ydlidar_sdk/include/src/ETLidarDriver.h
[0.114s] -- Installing: /home/autodrive_devkit/ros2_laser_scan_matcher/src/ydlidar_ros2_ws/src/install/ydlidar_sdk/include/src/GSLidarDriver.h
[0.114s] -- Installing: /home/autodrive_devkit/ros2_laser_scan_matcher/src/ydlidar_ros2_ws/src/install/ydlidar_sdk/include/src/SDMLidarDriver.h
[0.114s] -- Installing: /home/autodrive_devkit/ros2_laser_scan_matcher/src/ydlidar_ros2_ws/src/install/ydlidar_sdk/include/src/TiaLidarDriver.h
[0.114s] -- Installing: /home/autodrive_devkit/ros2_laser_scan_matcher/src/ydlidar_ros2_ws/src/install/ydlidar_sdk/include/src/YDlidarDriver.h
[0.114s] -- Installing: /home/autodrive_devkit/ros2_laser_scan_matcher/src/ydlidar_ros2_ws/src/install/ydlidar_sdk/include/src/ydlidar_sdk.h
[0.114s] -- Installing: /home/autodrive_devkit/ros2_laser_scan_matcher/src/ydlidar_ros2_ws/src/install/ydlidar_sdk/include/src/filters/FilterInterface.h
[0.114s] -- Installing: /home/autodrive_devkit/ros2_laser_scan_matcher/src/ydlidar_ros2_ws/src/install/ydlidar_sdk/include/src/filters/NoiseFilter.h
[0.114s] -- Installing: /home/autodrive_devkit/ros2_laser_scan_matcher/src/ydlidar_ros2_ws/src/install/ydlidar_sdk/include/src/filters/StrongLightFilter.h
[0.114s] -- Installing: /home/autodrive_devkit/ros2_laser_scan_matcher/src/ydlidar_ros2_ws/src/install/ydlidar_sdk/include/ydlidar_config.h
[0.114s] -- Installing: /home/autodrive_devkit/ros2_laser_scan_matcher/src/ydlidar_ros2_ws/src/install/ydlidar_sdk/lib/libydlidar_sdk.a
[0.116s] -- Installing: /home/autodrive_devkit/ros2_laser_scan_matcher/src/ydlidar_ros2_ws/src/install/ydlidar_sdk/lib/pkgconfig/YDLIDAR_SDK.pc
[0.116s] -- Installing: /home/autodrive_devkit/ros2_laser_scan_matcher/src/ydlidar_ros2_ws/src/install/ydlidar_sdk/lib/cmake/ydlidar_sdk/ydlidar_sdkConfig.cmake
[0.116s] -- Installing: /home/autodrive_devkit/ros2_laser_scan_matcher/src/ydlidar_ros2_ws/src/install/ydlidar_sdk/lib/cmake/ydlidar_sdk/ydlidar_sdkTargets.cmake
[0.116s] -- Installing: /home/autodrive_devkit/ros2_laser_scan_matcher/src/ydlidar_ros2_ws/src/install/ydlidar_sdk/lib/cmake/ydlidar_sdk/ydlidar_sdkConfigVersion.cmake
[0.116s] -- Installing: /home/autodrive_devkit/ros2_laser_scan_matcher/src/ydlidar_ros2_ws/src/install/ydlidar_sdk/share/YDLIDAR_SDK/FindYDLIDAR_SDK.cmake
[0.116s] -- Up-to-date: /home/autodrive_devkit/ros2_laser_scan_matcher/src/ydlidar_ros2_ws/src/install/ydlidar_sdk/share/YDLIDAR_SDK
[0.116s] -- Installing: /home/autodrive_devkit/ros2_laser_scan_matcher/src/ydlidar_ros2_ws/src/install/ydlidar_sdk/share/YDLIDAR_SDK/FindPackage.cmake.in
[0.116s] -- Installing: /home/autodrive_devkit/ros2_laser_scan_matcher/src/ydlidar_ros2_ws/src/install/ydlidar_sdk/share/YDLIDAR_SDK/PkgConfig.pc.in
[0.116s] -- Installing: /home/autodrive_devkit/ros2_laser_scan_matcher/src/ydlidar_ros2_ws/src/install/ydlidar_sdk/share/YDLIDAR_SDK/common
[0.116s] -- Installing: /home/autodrive_devkit/ros2_laser_scan_matcher/src/ydlidar_ros2_ws/src/install/ydlidar_sdk/share/YDLIDAR_SDK/common/ydlidar_parse.cmake
[0.116s] -- Installing: /home/autodrive_devkit/ros2_laser_scan_matcher/src/ydlidar_ros2_ws/src/install/ydlidar_sdk/share/YDLIDAR_SDK/common/ydlidar_base.cmake
[0.116s] -- Installing: /home/autodrive_devkit/ros2_laser_scan_matcher/src/ydlidar_ros2_ws/src/install/ydlidar_sdk/share/YDLIDAR_SDK/PackageConfigVersion.cmake.in
[0.116s] -- Installing: /home/autodrive_devkit/ros2_laser_scan_matcher/src/ydlidar_ros2_ws/src/install/ydlidar_sdk/share/YDLIDAR_SDK/script_show_final_summary.cmake
[0.116s] -- Installing: /home/autodrive_devkit/ros2_laser_scan_matcher/src/ydlidar_ros2_ws/src/install/ydlidar_sdk/share/YDLIDAR_SDK/cmake_uninstall.cmake.in
[0.116s] -- Installing: /home/autodrive_devkit/ros2_laser_scan_matcher/src/ydlidar_ros2_ws/src/install/ydlidar_sdk/share/YDLIDAR_SDK/install_package.cmake
[0.116s] -- Installing: /home/autodrive_devkit/ros2_laser_scan_matcher/src/ydlidar_ros2_ws/src/install/ydlidar_sdk/share/YDLIDAR_SDK/PackageConfig.cmake.in
[0.116s] -- Installing: /home/autodrive_devkit/ros2_laser_scan_matcher/src/ydlidar_ros2_ws/src/install/ydlidar_sdk/share/YDLIDAR_SDK/LICENSE.txt
[0.116s] -- Installing: /home/autodrive_devkit/ros2_laser_scan_matcher/src/ydlidar_ros2_ws/src/install/ydlidar_sdk/share/YDLIDAR_SDK/README.md
[0.117s] -- Installing: /home/autodrive_devkit/ros2_laser_scan_matcher/src/ydlidar_ros2_ws/src/install/ydlidar_sdk/share/YDLIDAR_SDK/doc
[0.117s] -- Installing: /home/autodrive_devkit/ros2_laser_scan_matcher/src/ydlidar_ros2_ws/src/install/ydlidar_sdk/share/YDLIDAR_SDK/doc/README.md
[0.117s] -- Installing: /home/autodrive_devkit/ros2_laser_scan_matcher/src/ydlidar_ros2_ws/src/install/ydlidar_sdk/share/YDLIDAR_SDK/doc/FAQs
[0.117s] -- Installing: /home/autodrive_devkit/ros2_laser_scan_matcher/src/ydlidar_ros2_ws/src/install/ydlidar_sdk/share/YDLIDAR_SDK/doc/FAQs/Hardware_FAQs_cn.md
[0.117s] -- Installing: /home/autodrive_devkit/ros2_laser_scan_matcher/src/ydlidar_ros2_ws/src/install/ydlidar_sdk/share/YDLIDAR_SDK/doc/FAQs/README.md
[0.117s] -- Installing: /home/autodrive_devkit/ros2_laser_scan_matcher/src/ydlidar_ros2_ws/src/install/ydlidar_sdk/share/YDLIDAR_SDK/doc/FAQs/General_FAQs_cn.md
[0.117s] -- Installing: /home/autodrive_devkit/ros2_laser_scan_matcher/src/ydlidar_ros2_ws/src/install/ydlidar_sdk/share/YDLIDAR_SDK/doc/FAQs/General_FAQs.md
[0.118s] -- Installing: /home/autodrive_devkit/ros2_laser_scan_matcher/src/ydlidar_ros2_ws/src/install/ydlidar_sdk/share/YDLIDAR_SDK/doc/FAQs/Hardware_FAQs.md
[0.118s] -- Installing: /home/autodrive_devkit/ros2_laser_scan_matcher/src/ydlidar_ros2_ws/src/install/ydlidar_sdk/share/YDLIDAR_SDK/doc/FAQs/Software_FAQs.md
[0.118s] -- Installing: /home/autodrive_devkit/ros2_laser_scan_matcher/src/ydlidar_ros2_ws/src/install/ydlidar_sdk/share/YDLIDAR_SDK/doc/FAQs/Software_FAQs_cn.md
[0.118s] -- Installing: /home/autodrive_devkit/ros2_laser_scan_matcher/src/ydlidar_ros2_ws/src/install/ydlidar_sdk/share/YDLIDAR_SDK/doc/Tutorials.md
[0.118s] -- Installing: /home/autodrive_devkit/ros2_laser_scan_matcher/src/ydlidar_ros2_ws/src/install/ydlidar_sdk/share/YDLIDAR_SDK/doc/tutorials
[0.118s] -- Installing: /home/autodrive_devkit/ros2_laser_scan_matcher/src/ydlidar_ros2_ws/src/install/ydlidar_sdk/share/YDLIDAR_SDK/doc/tutorials/examine_the_simple_lidar_tutorial.md
[0.119s] -- Installing: /home/autodrive_devkit/ros2_laser_scan_matcher/src/ydlidar_ros2_ws/src/install/ydlidar_sdk/share/YDLIDAR_SDK/doc/tutorials/writing_lidar_network_adapter_tutorial_c++.md
[0.119s] -- Installing: /home/autodrive_devkit/ros2_laser_scan_matcher/src/ydlidar_ros2_ws/src/install/ydlidar_sdk/share/YDLIDAR_SDK/doc/tutorials/writing_lidar_tutorial_python.md
[0.119s] -- Installing: /home/autodrive_devkit/ros2_laser_scan_matcher/src/ydlidar_ros2_ws/src/install/ydlidar_sdk/share/YDLIDAR_SDK/doc/tutorials/writing_lidar_tutorial_c++.md
[0.119s] -- Installing: /home/autodrive_devkit/ros2_laser_scan_matcher/src/ydlidar_ros2_ws/src/install/ydlidar_sdk/share/YDLIDAR_SDK/doc/tutorials/writing_lidar_tutorial_c.md
[0.120s] -- Installing: /home/autodrive_devkit/ros2_laser_scan_matcher/src/ydlidar_ros2_ws/src/install/ydlidar_sdk/share/YDLIDAR_SDK/doc/YDLIDAR_SDK_API_for_Developers.md
[0.120s] -- Installing: /home/autodrive_devkit/ros2_laser_scan_matcher/src/ydlidar_ros2_ws/src/install/ydlidar_sdk/share/YDLIDAR_SDK/doc/images
[0.120s] -- Installing: /home/autodrive_devkit/ros2_laser_scan_matcher/src/ydlidar_ros2_ws/src/install/ydlidar_sdk/share/YDLIDAR_SDK/doc/images/frame.png
[0.121s] -- Installing: /home/autodrive_devkit/ros2_laser_scan_matcher/src/ydlidar_ros2_ws/src/install/ydlidar_sdk/share/YDLIDAR_SDK/doc/images/sequence.png
[0.122s] -- Installing: /home/autodrive_devkit/ros2_laser_scan_matcher/src/ydlidar_ros2_ws/src/install/ydlidar_sdk/share/YDLIDAR_SDK/doc/images/sdk_architecture.png
[0.122s] -- Installing: /home/autodrive_devkit/ros2_laser_scan_matcher/src/ydlidar_ros2_ws/src/install/ydlidar_sdk/share/YDLIDAR_SDK/doc/images/communication_mechanism.png
[0.123s] -- Installing: /home/autodrive_devkit/ros2_laser_scan_matcher/src/ydlidar_ros2_ws/src/install/ydlidar_sdk/share/YDLIDAR_SDK/doc/images/FlowChart.png
[0.124s] -- Installing: /home/autodrive_devkit/ros2_laser_scan_matcher/src/ydlidar_ros2_ws/src/install/ydlidar_sdk/share/YDLIDAR_SDK/doc/images/sdk_scanning.png
[0.125s] -- Installing: /home/autodrive_devkit/ros2_laser_scan_matcher/src/ydlidar_ros2_ws/src/install/ydlidar_sdk/share/YDLIDAR_SDK/doc/images/EAI.png
[0.127s] -- Installing: /home/autodrive_devkit/ros2_laser_scan_matcher/src/ydlidar_ros2_ws/src/install/ydlidar_sdk/share/YDLIDAR_SDK/doc/images/sdk_init.png
[0.128s] -- Installing: /home/autodrive_devkit/ros2_laser_scan_matcher/src/ydlidar_ros2_ws/src/install/ydlidar_sdk/share/YDLIDAR_SDK/doc/images/YDLidar.png
[0.128s] -- Installing: /home/autodrive_devkit/ros2_laser_scan_matcher/src/ydlidar_ros2_ws/src/install/ydlidar_sdk/share/YDLIDAR_SDK/doc/images/frame_intensity.png
[0.128s] -- Installing: /home/autodrive_devkit/ros2_laser_scan_matcher/src/ydlidar_ros2_ws/src/install/ydlidar_sdk/share/YDLIDAR_SDK/doc/images/angle_q2.png
[0.129s] -- Installing: /home/autodrive_devkit/ros2_laser_scan_matcher/src/ydlidar_ros2_ws/src/install/ydlidar_sdk/share/YDLIDAR_SDK/doc/images/YDLidar.jpg
[0.129s] -- Installing: /home/autodrive_devkit/ros2_laser_scan_matcher/src/ydlidar_ros2_ws/src/install/ydlidar_sdk/share/YDLIDAR_SDK/doc/images/system_workflow.png
[0.130s] -- Installing: /home/autodrive_devkit/ros2_laser_scan_matcher/src/ydlidar_ros2_ws/src/install/ydlidar_sdk/share/YDLIDAR_SDK/doc/YDLidar-SDK-Communication-Protocol.html
[0.131s] -- Installing: /home/autodrive_devkit/ros2_laser_scan_matcher/src/ydlidar_ros2_ws/src/install/ydlidar_sdk/share/YDLIDAR_SDK/doc/howto
[0.131s] -- Installing: /home/autodrive_devkit/ros2_laser_scan_matcher/src/ydlidar_ros2_ws/src/install/ydlidar_sdk/share/YDLIDAR_SDK/doc/howto/how_to_create_a_pull.md
[0.131s] -- Installing: /home/autodrive_devkit/ros2_laser_scan_matcher/src/ydlidar_ros2_ws/src/install/ydlidar_sdk/share/YDLIDAR_SDK/doc/howto/how_to_solve_slow_pull_from_cn.md
[0.131s] -- Installing: /home/autodrive_devkit/ros2_laser_scan_matcher/src/ydlidar_ros2_ws/src/install/ydlidar_sdk/share/YDLIDAR_SDK/doc/howto/README.md
[0.132s] -- Installing: /home/autodrive_devkit/ros2_laser_scan_matcher/src/ydlidar_ros2_ws/src/install/ydlidar_sdk/share/YDLIDAR_SDK/doc/howto/how_to_gerenrate_vs_project_by_cmake.md
[0.132s] -- Installing: /home/autodrive_devkit/ros2_laser_scan_matcher/src/ydlidar_ros2_ws/src/install/ydlidar_sdk/share/YDLIDAR_SDK/doc/howto/how_to_build_and_debug_using_vscode.md
[0.132s] -- Installing: /home/autodrive_devkit/ros2_laser_scan_matcher/src/ydlidar_ros2_ws/src/install/ydlidar_sdk/share/YDLIDAR_SDK/doc/howto/images
[0.132s] -- Installing: /home/autodrive_devkit/ros2_laser_scan_matcher/src/ydlidar_ros2_ws/src/install/ydlidar_sdk/share/YDLIDAR_SDK/doc/howto/images/sequence.png
[0.132s] -- Installing: /home/autodrive_devkit/ros2_laser_scan_matcher/src/ydlidar_ros2_ws/src/install/ydlidar_sdk/share/YDLIDAR_SDK/doc/howto/images/csharp_library.png
[0.133s] -- Installing: /home/autodrive_devkit/ros2_laser_scan_matcher/src/ydlidar_ros2_ws/src/install/ydlidar_sdk/share/YDLIDAR_SDK/doc/howto/images/csharp_exception.png
[0.134s] -- Installing: /home/autodrive_devkit/ros2_laser_scan_matcher/src/ydlidar_ros2_ws/src/install/ydlidar_sdk/share/YDLIDAR_SDK/doc/howto/images/csharp_build.png
[0.134s] -- Installing: /home/autodrive_devkit/ros2_laser_scan_matcher/src/ydlidar_ros2_ws/src/install/ydlidar_sdk/share/YDLIDAR_SDK/doc/howto/images/sdk_scanning.png
[0.135s] -- Installing: /home/autodrive_devkit/ros2_laser_scan_matcher/src/ydlidar_ros2_ws/src/install/ydlidar_sdk/share/YDLIDAR_SDK/doc/howto/images/ttyUSB1.png
[0.136s] -- Installing: /home/autodrive_devkit/ros2_laser_scan_matcher/src/ydlidar_ros2_ws/src/install/ydlidar_sdk/share/YDLIDAR_SDK/doc/howto/images/sdk_init.png
[0.136s] -- Installing: /home/autodrive_devkit/ros2_laser_scan_matcher/src/ydlidar_ros2_ws/src/install/ydlidar_sdk/share/YDLIDAR_SDK/doc/howto/images/vscode
[0.136s] -- Installing: /home/autodrive_devkit/ros2_laser_scan_matcher/src/ydlidar_ros2_ws/src/install/ydlidar_sdk/share/YDLIDAR_SDK/doc/howto/images/vscode/tasks.png
[0.138s] -- Installing: /home/autodrive_devkit/ros2_laser_scan_matcher/src/ydlidar_ros2_ws/src/install/ydlidar_sdk/share/YDLIDAR_SDK/doc/howto/images/vscode/run_tasks.jpg
[0.141s] -- Installing: /home/autodrive_devkit/ros2_laser_scan_matcher/src/ydlidar_ros2_ws/src/install/ydlidar_sdk/share/YDLIDAR_SDK/doc/howto/images/ydlidar_lidar_monitor.png
[0.142s] -- Installing: /home/autodrive_devkit/ros2_laser_scan_matcher/src/ydlidar_ros2_ws/src/install/ydlidar_sdk/share/YDLIDAR_SDK/doc/howto/images/cpack.png
[0.143s] -- Installing: /home/autodrive_devkit/ros2_laser_scan_matcher/src/ydlidar_ros2_ws/src/install/ydlidar_sdk/share/YDLIDAR_SDK/doc/howto/images/csharp_project.png
[0.143s] -- Installing: /home/autodrive_devkit/ros2_laser_scan_matcher/src/ydlidar_ros2_ws/src/install/ydlidar_sdk/share/YDLIDAR_SDK/doc/howto/images/csharp_running.png
[0.144s] -- Installing: /home/autodrive_devkit/ros2_laser_scan_matcher/src/ydlidar_ros2_ws/src/install/ydlidar_sdk/share/YDLIDAR_SDK/doc/howto/images/ttyUSB0.png
[0.145s] -- Installing: /home/autodrive_devkit/ros2_laser_scan_matcher/src/ydlidar_ros2_ws/src/install/ydlidar_sdk/share/YDLIDAR_SDK/doc/howto/how_to_build_and_install.md
[0.145s] -- Installing: /home/autodrive_devkit/ros2_laser_scan_matcher/src/ydlidar_ros2_ws/src/install/ydlidar_sdk/share/YDLIDAR_SDK/doc/howto/how_to_create_a_udev_rules.md
[0.145s] -- Installing: /home/autodrive_devkit/ros2_laser_scan_matcher/src/ydlidar_ros2_ws/src/install/ydlidar_sdk/share/YDLIDAR_SDK/doc/howto/how_to_create_a_csharp_project.md
[0.145s] -- Installing: /home/autodrive_devkit/ros2_laser_scan_matcher/src/ydlidar_ros2_ws/src/install/ydlidar_sdk/share/YDLIDAR_SDK/doc/Diagram.md
[0.146s] -- Installing: /home/autodrive_devkit/ros2_laser_scan_matcher/src/ydlidar_ros2_ws/src/install/ydlidar_sdk/share/YDLIDAR_SDK/doc/SDK.pdf
[0.151s] -- Installing: /home/autodrive_devkit/ros2_laser_scan_matcher/src/ydlidar_ros2_ws/src/install/ydlidar_sdk/share/YDLIDAR_SDK/doc/Dataset.md
[0.151s] -- Installing: /home/autodrive_devkit/ros2_laser_scan_matcher/src/ydlidar_ros2_ws/src/install/ydlidar_sdk/share/YDLIDAR_SDK/doc/YDLidar-SDK-Communication-Protocol.md
[0.151s] -- Installing: /home/autodrive_devkit/ros2_laser_scan_matcher/src/ydlidar_ros2_ws/src/install/ydlidar_sdk/share/YDLIDAR_SDK/doc/quickstart
[0.151s] -- Installing: /home/autodrive_devkit/ros2_laser_scan_matcher/src/ydlidar_ros2_ws/src/install/ydlidar_sdk/share/YDLIDAR_SDK/doc/quickstart/README.md
[0.151s] -- Installing: /home/autodrive_devkit/ros2_laser_scan_matcher/src/ydlidar_ros2_ws/src/install/ydlidar_sdk/share/YDLIDAR_SDK/doc/quickstart/ydlidar_sdk_software_installation_guide.md
[0.152s] -- Installing: /home/autodrive_devkit/ros2_laser_scan_matcher/src/ydlidar_ros2_ws/src/install/ydlidar_sdk/share/YDLIDAR_SDK/doc/YDLidar_SDK_Communication_Protocol.pdf
[0.154s] -- Installing: /home/autodrive_devkit/ros2_laser_scan_matcher/src/ydlidar_ros2_ws/src/install/ydlidar_sdk/share/YDLIDAR_SDK/doc/YDLidar-SDK-Communication-Protocol.pdf
[0.155s] -- Installing: /home/autodrive_devkit/ros2_laser_scan_matcher/src/ydlidar_ros2_ws/src/install/ydlidar_sdk/startup/initenv.sh
[0.156s] -- Installing: /home/autodrive_devkit/ros2_laser_scan_matcher/src/ydlidar_ros2_ws/src/install/ydlidar_sdk/bin/et_test
[0.157s] -- Installing: /home/autodrive_devkit/ros2_laser_scan_matcher/src/ydlidar_ros2_ws/src/install/ydlidar_sdk/bin/gs_ota
[0.157s] -- Installing: /home/autodrive_devkit/ros2_laser_scan_matcher/src/ydlidar_ros2_ws/src/install/ydlidar_sdk/bin/gs_restart
[0.158s] -- Installing: /home/autodrive_devkit/ros2_laser_scan_matcher/src/ydlidar_ros2_ws/src/install/ydlidar_sdk/bin/gs_test
[0.158s] -- Installing: /home/autodrive_devkit/ros2_laser_scan_matcher/src/ydlidar_ros2_ws/src/install/ydlidar_sdk/bin/gs_test2
[0.159s] -- Installing: /home/autodrive_devkit/ros2_laser_scan_matcher/src/ydlidar_ros2_ws/src/install/ydlidar_sdk/bin/scl_test
[0.159s] -- Installing: /home/autodrive_devkit/ros2_laser_scan_matcher/src/ydlidar_ros2_ws/src/install/ydlidar_sdk/bin/sdm18_test
[0.160s] -- Installing: /home/autodrive_devkit/ros2_laser_scan_matcher/src/ydlidar_ros2_ws/src/install/ydlidar_sdk/bin/sdm_test
[0.160s] -- Installing: /home/autodrive_devkit/ros2_laser_scan_matcher/src/ydlidar_ros2_ws/src/install/ydlidar_sdk/bin/tea_test
[0.161s] -- Installing: /home/autodrive_devkit/ros2_laser_scan_matcher/src/ydlidar_ros2_ws/src/install/ydlidar_sdk/bin/tia_test
[0.161s] -- Installing: /home/autodrive_devkit/ros2_laser_scan_matcher/src/ydlidar_ros2_ws/src/install/ydlidar_sdk/bin/tmini-sh_test
[0.162s] -- Installing: /home/autodrive_devkit/ros2_laser_scan_matcher/src/ydlidar_ros2_ws/src/install/ydlidar_sdk/bin/tmini_test
[0.162s] -- Installing: /home/autodrive_devkit/ros2_laser_scan_matcher/src/ydlidar_ros2_ws/src/install/ydlidar_sdk/bin/tof_test
[0.162s] -- Installing: /home/autodrive_devkit/ros2_laser_scan_matcher/src/ydlidar_ros2_ws/src/install/ydlidar_sdk/bin/tri_and_gs_test
[0.163s] -- Installing: /home/autodrive_devkit/ros2_laser_scan_matcher/src/ydlidar_ros2_ws/src/install/ydlidar_sdk/bin/tri_restart
[0.163s] -- Installing: /home/autodrive_devkit/ros2_laser_scan_matcher/src/ydlidar_ros2_ws/src/install/ydlidar_sdk/bin/tri_test
[0.164s] -- Installing: /home/autodrive_devkit/ros2_laser_scan_matcher/src/ydlidar_ros2_ws/src/install/ydlidar_sdk/bin/lidar_c_api_test
[0.166s] Invoked command in '/home/autodrive_devkit/ros2_laser_scan_matcher/src/ydlidar_ros2_ws/src/build/ydlidar_sdk' returned '0': /usr/bin/cmake --install /home/autodrive_devkit/ros2_laser_scan_matcher/src/ydlidar_ros2_ws/src/build/ydlidar_sdk
