[0.008s] Invoking command in '/home/autodrive_devkit/ros2_laser_scan_matcher/src/new-tf-topic/build/new-tf-topic': CMAKE_PREFIX_PATH=${CMAKE_PREFIX_PATH}:/home/autodrive_devkit/install/autodrive_roboracer:/opt/ros/humble /usr/bin/cmake --build /home/autodrive_devkit/ros2_laser_scan_matcher/src/new-tf-topic/build/new-tf-topic -- -j12 -l12
[0.039s] [35m[1mConsolidate compiler generated dependencies of target frame_publisher_node[0m
[0.051s] [100%] Built target frame_publisher_node
[0.058s] Invoked command in '/home/autodrive_devkit/ros2_laser_scan_matcher/src/new-tf-topic/build/new-tf-topic' returned '0': CMAKE_PREFIX_PATH=${CMAKE_PREFIX_PATH}:/home/autodrive_devkit/install/autodrive_roboracer:/opt/ros/humble /usr/bin/cmake --build /home/autodrive_devkit/ros2_laser_scan_matcher/src/new-tf-topic/build/new-tf-topic -- -j12 -l12
[0.065s] Invoking command in '/home/autodrive_devkit/ros2_laser_scan_matcher/src/new-tf-topic/build/new-tf-topic': CMAKE_PREFIX_PATH=${CMAKE_PREFIX_PATH}:/home/autodrive_devkit/install/autodrive_roboracer:/opt/ros/humble /usr/bin/cmake --install /home/autodrive_devkit/ros2_laser_scan_matcher/src/new-tf-topic/build/new-tf-topic
[0.072s] -- Install configuration: ""
[0.072s] -- Execute custom install script
[0.072s] -- Up-to-date symlink: /home/autodrive_devkit/ros2_laser_scan_matcher/src/new-tf-topic/install/new-tf-topic/lib/new-tf-topic/frame_publisher_node
[0.072s] -- Up-to-date symlink: /home/autodrive_devkit/ros2_laser_scan_matcher/src/new-tf-topic/install/new-tf-topic/share/new-tf-topic/launch/tf_publisher_launch.py
[0.072s] -- Up-to-date symlink: /home/autodrive_devkit/ros2_laser_scan_matcher/src/new-tf-topic/install/new-tf-topic/share/ament_index/resource_index/package_run_dependencies/new-tf-topic
[0.072s] -- Up-to-date symlink: /home/autodrive_devkit/ros2_laser_scan_matcher/src/new-tf-topic/install/new-tf-topic/share/ament_index/resource_index/parent_prefix_path/new-tf-topic
[0.072s] -- Up-to-date symlink: /home/autodrive_devkit/ros2_laser_scan_matcher/src/new-tf-topic/install/new-tf-topic/share/new-tf-topic/environment/ament_prefix_path.sh
[0.073s] -- Up-to-date symlink: /home/autodrive_devkit/ros2_laser_scan_matcher/src/new-tf-topic/install/new-tf-topic/share/new-tf-topic/environment/ament_prefix_path.dsv
[0.073s] -- Up-to-date symlink: /home/autodrive_devkit/ros2_laser_scan_matcher/src/new-tf-topic/install/new-tf-topic/share/new-tf-topic/environment/path.sh
[0.073s] -- Up-to-date symlink: /home/autodrive_devkit/ros2_laser_scan_matcher/src/new-tf-topic/install/new-tf-topic/share/new-tf-topic/environment/path.dsv
[0.073s] -- Up-to-date symlink: /home/autodrive_devkit/ros2_laser_scan_matcher/src/new-tf-topic/install/new-tf-topic/share/new-tf-topic/local_setup.bash
[0.073s] -- Up-to-date symlink: /home/autodrive_devkit/ros2_laser_scan_matcher/src/new-tf-topic/install/new-tf-topic/share/new-tf-topic/local_setup.sh
[0.073s] -- Up-to-date symlink: /home/autodrive_devkit/ros2_laser_scan_matcher/src/new-tf-topic/install/new-tf-topic/share/new-tf-topic/local_setup.zsh
[0.073s] -- Up-to-date symlink: /home/autodrive_devkit/ros2_laser_scan_matcher/src/new-tf-topic/install/new-tf-topic/share/new-tf-topic/local_setup.dsv
[0.073s] -- Symlinking: /home/autodrive_devkit/ros2_laser_scan_matcher/src/new-tf-topic/install/new-tf-topic/share/new-tf-topic/package.dsv
[0.079s] -- Up-to-date symlink: /home/autodrive_devkit/ros2_laser_scan_matcher/src/new-tf-topic/install/new-tf-topic/share/ament_index/resource_index/packages/new-tf-topic
[0.080s] -- Up-to-date symlink: /home/autodrive_devkit/ros2_laser_scan_matcher/src/new-tf-topic/install/new-tf-topic/share/new-tf-topic/cmake/new-tf-topicConfig.cmake
[0.080s] -- Up-to-date symlink: /home/autodrive_devkit/ros2_laser_scan_matcher/src/new-tf-topic/install/new-tf-topic/share/new-tf-topic/cmake/new-tf-topicConfig-version.cmake
[0.080s] -- Up-to-date symlink: /home/autodrive_devkit/ros2_laser_scan_matcher/src/new-tf-topic/install/new-tf-topic/share/new-tf-topic/package.xml
[0.081s] Invoked command in '/home/autodrive_devkit/ros2_laser_scan_matcher/src/new-tf-topic/build/new-tf-topic' returned '0': CMAKE_PREFIX_PATH=${CMAKE_PREFIX_PATH}:/home/autodrive_devkit/install/autodrive_roboracer:/opt/ros/humble /usr/bin/cmake --install /home/autodrive_devkit/ros2_laser_scan_matcher/src/new-tf-topic/build/new-tf-topic
