[0.062s] DEBUG:colcon:Command line arguments: ['/usr/bin/colcon', 'build', '--symlink-install']
[0.062s] DEBUG:colcon:Parsed command line arguments: Namespace(log_base=None, log_level=None, verb_name='build', build_base='build', install_base='install', merge_install=False, symlink_install=True, test_result_base=None, continue_on_error=False, executor='parallel', parallel_workers=12, event_handlers=None, ignore_user_meta=False, metas=['./colcon.meta'], base_paths=['.'], packages_ignore=None, packages_ignore_regex=None, paths=None, packages_up_to=None, packages_up_to_regex=None, packages_above=None, packages_above_and_dependencies=None, packages_above_depth=None, packages_select_by_dep=None, packages_skip_by_dep=None, packages_skip_up_to=None, packages_select_build_failed=False, packages_skip_build_finished=False, packages_select_test_failures=False, packages_skip_test_passed=False, packages_select=None, packages_skip=None, packages_select_regex=None, packages_skip_regex=None, packages_start=None, packages_end=None, cmake_args=None, cmake_target=None, cmake_target_skip_unavailable=False, cmake_clean_cache=False, cmake_clean_first=False, cmake_force_configure=False, ament_cmake_args=None, catkin_cmake_args=None, catkin_skip_building_tests=False, mixin_files=None, mixin=None, verb_parser=<colcon_mixin.mixin.mixin_argument.MixinArgumentDecorator object at 0x78152d2b6e30>, verb_extension=<colcon_core.verb.build.BuildVerb object at 0x78152d4e8310>, main=<bound method BuildVerb.main of <colcon_core.verb.build.BuildVerb object at 0x78152d4e8310>>, mixin_verb=('build',))
[0.135s] Level 1:colcon.colcon_core.package_discovery:discover_packages(colcon_meta) check parameters
[0.135s] INFO:colcon.colcon_metadata.package_discovery.colcon_meta:Using configuration from '/root/.colcon/metadata/default/Gazebo.meta'
[0.136s] INFO:colcon.colcon_metadata.package_discovery.colcon_meta:Using configuration from '/root/.colcon/metadata/default/fastrtps.meta'
[0.136s] Level 1:colcon.colcon_core.package_discovery:discover_packages(recursive) check parameters
[0.136s] Level 1:colcon.colcon_core.package_discovery:discover_packages(ignore) check parameters
[0.136s] Level 1:colcon.colcon_core.package_discovery:discover_packages(path) check parameters
[0.136s] Level 1:colcon.colcon_core.package_discovery:discover_packages(colcon_meta) discover
[0.136s] Level 1:colcon.colcon_core.package_discovery:discover_packages(recursive) discover
[0.136s] INFO:colcon.colcon_core.package_discovery:Crawling recursively for packages in '/home/autodrive_devkit/ros2_laser_scan_matcher'
[0.136s] Level 1:colcon.colcon_core.package_identification:_identify(.) by extensions ['ignore', 'ignore_ament_install']
[0.136s] Level 1:colcon.colcon_core.package_identification:_identify(.) by extension 'ignore'
[0.136s] Level 1:colcon.colcon_core.package_identification:_identify(.) by extension 'ignore_ament_install'
[0.136s] Level 1:colcon.colcon_core.package_identification:_identify(.) by extensions ['colcon_pkg']
[0.136s] Level 1:colcon.colcon_core.package_identification:_identify(.) by extension 'colcon_pkg'
[0.136s] Level 1:colcon.colcon_core.package_identification:_identify(.) by extensions ['colcon_meta']
[0.136s] Level 1:colcon.colcon_core.package_identification:_identify(.) by extension 'colcon_meta'
[0.136s] Level 1:colcon.colcon_core.package_identification:_identify(.) by extensions ['ros']
[0.136s] Level 1:colcon.colcon_core.package_identification:_identify(.) by extension 'ros'
[0.145s] DEBUG:colcon.colcon_core.package_identification:Package '.' with type 'ros.ament_cmake' and name 'ros2_laser_scan_matcher'
[0.145s] Level 1:colcon.colcon_core.package_discovery:discover_packages(recursive) using defaults
[0.145s] Level 1:colcon.colcon_core.package_discovery:discover_packages(ignore) discover
[0.145s] Level 1:colcon.colcon_core.package_discovery:discover_packages(ignore) using defaults
[0.146s] Level 1:colcon.colcon_core.package_discovery:discover_packages(path) discover
[0.146s] Level 1:colcon.colcon_core.package_discovery:discover_packages(path) using defaults
[0.158s] Level 5:colcon.colcon_core.verb:set package 'ros2_laser_scan_matcher' build argument 'cmake_args' from command line to 'None'
[0.158s] Level 5:colcon.colcon_core.verb:set package 'ros2_laser_scan_matcher' build argument 'cmake_target' from command line to 'None'
[0.158s] Level 5:colcon.colcon_core.verb:set package 'ros2_laser_scan_matcher' build argument 'cmake_target_skip_unavailable' from command line to 'False'
[0.158s] Level 5:colcon.colcon_core.verb:set package 'ros2_laser_scan_matcher' build argument 'cmake_clean_cache' from command line to 'False'
[0.158s] Level 5:colcon.colcon_core.verb:set package 'ros2_laser_scan_matcher' build argument 'cmake_clean_first' from command line to 'False'
[0.158s] Level 5:colcon.colcon_core.verb:set package 'ros2_laser_scan_matcher' build argument 'cmake_force_configure' from command line to 'False'
[0.158s] Level 5:colcon.colcon_core.verb:set package 'ros2_laser_scan_matcher' build argument 'ament_cmake_args' from command line to 'None'
[0.158s] Level 5:colcon.colcon_core.verb:set package 'ros2_laser_scan_matcher' build argument 'catkin_cmake_args' from command line to 'None'
[0.158s] Level 5:colcon.colcon_core.verb:set package 'ros2_laser_scan_matcher' build argument 'catkin_skip_building_tests' from command line to 'False'
[0.158s] DEBUG:colcon.colcon_core.verb:Building package 'ros2_laser_scan_matcher' with the following arguments: {'ament_cmake_args': None, 'build_base': '/home/autodrive_devkit/ros2_laser_scan_matcher/build/ros2_laser_scan_matcher', 'catkin_cmake_args': None, 'catkin_skip_building_tests': False, 'cmake_args': None, 'cmake_clean_cache': False, 'cmake_clean_first': False, 'cmake_force_configure': False, 'cmake_target': None, 'cmake_target_skip_unavailable': False, 'install_base': '/home/autodrive_devkit/ros2_laser_scan_matcher/install/ros2_laser_scan_matcher', 'merge_install': False, 'path': '/home/autodrive_devkit/ros2_laser_scan_matcher', 'symlink_install': True, 'test_result_base': None}
[0.158s] INFO:colcon.colcon_core.executor:Executing jobs using 'parallel' executor
[0.159s] DEBUG:colcon.colcon_parallel_executor.executor.parallel:run_until_complete
[0.159s] INFO:colcon.colcon_ros.task.ament_cmake.build:Building ROS package in '/home/autodrive_devkit/ros2_laser_scan_matcher' with build type 'ament_cmake'
[0.159s] INFO:colcon.colcon_cmake.task.cmake.build:Building CMake package in '/home/autodrive_devkit/ros2_laser_scan_matcher'
[0.161s] INFO:colcon.colcon_core.plugin_system:Skipping extension 'colcon_core.shell.bat': Not used on non-Windows systems
[0.161s] INFO:colcon.colcon_core.shell:Skip shell extension 'powershell' for command environment: Not usable outside of PowerShell
[0.161s] DEBUG:colcon.colcon_core.shell:Skip shell extension 'dsv' for command environment
[0.167s] DEBUG:colcon.colcon_core.event_handler.log_command:Invoking command in '/home/autodrive_devkit/ros2_laser_scan_matcher/build/ros2_laser_scan_matcher': CMAKE_PREFIX_PATH=${CMAKE_PREFIX_PATH}:/home/autodrive_devkit/install/autodrive_roboracer:/opt/ros/humble /usr/bin/cmake --build /home/autodrive_devkit/ros2_laser_scan_matcher/build/ros2_laser_scan_matcher -- -j12 -l12
[8.202s] DEBUG:colcon.colcon_core.event_handler.log_command:Invoked command in '/home/autodrive_devkit/ros2_laser_scan_matcher/build/ros2_laser_scan_matcher' returned '0': CMAKE_PREFIX_PATH=${CMAKE_PREFIX_PATH}:/home/autodrive_devkit/install/autodrive_roboracer:/opt/ros/humble /usr/bin/cmake --build /home/autodrive_devkit/ros2_laser_scan_matcher/build/ros2_laser_scan_matcher -- -j12 -l12
[8.209s] DEBUG:colcon.colcon_core.event_handler.log_command:Invoking command in '/home/autodrive_devkit/ros2_laser_scan_matcher/build/ros2_laser_scan_matcher': CMAKE_PREFIX_PATH=${CMAKE_PREFIX_PATH}:/home/autodrive_devkit/install/autodrive_roboracer:/opt/ros/humble /usr/bin/cmake --install /home/autodrive_devkit/ros2_laser_scan_matcher/build/ros2_laser_scan_matcher
[8.222s] Level 1:colcon.colcon_core.environment:create_environment_scripts_only(ros2_laser_scan_matcher)
[8.223s] DEBUG:colcon.colcon_core.event_handler.log_command:Invoked command in '/home/autodrive_devkit/ros2_laser_scan_matcher/build/ros2_laser_scan_matcher' returned '0': CMAKE_PREFIX_PATH=${CMAKE_PREFIX_PATH}:/home/autodrive_devkit/install/autodrive_roboracer:/opt/ros/humble /usr/bin/cmake --install /home/autodrive_devkit/ros2_laser_scan_matcher/build/ros2_laser_scan_matcher
[8.225s] Level 1:colcon.colcon_core.environment:checking '/home/autodrive_devkit/ros2_laser_scan_matcher/install/ros2_laser_scan_matcher' for CMake module files
[8.226s] Level 1:colcon.colcon_core.environment:checking '/home/autodrive_devkit/ros2_laser_scan_matcher/install/ros2_laser_scan_matcher' for CMake config files
[8.226s] Level 1:colcon.colcon_core.shell:create_environment_hook('ros2_laser_scan_matcher', 'cmake_prefix_path')
[8.226s] INFO:colcon.colcon_core.shell:Creating environment hook '/home/autodrive_devkit/ros2_laser_scan_matcher/install/ros2_laser_scan_matcher/share/ros2_laser_scan_matcher/hook/cmake_prefix_path.ps1'
[8.227s] INFO:colcon.colcon_core.shell:Creating environment descriptor '/home/autodrive_devkit/ros2_laser_scan_matcher/install/ros2_laser_scan_matcher/share/ros2_laser_scan_matcher/hook/cmake_prefix_path.dsv'
[8.227s] INFO:colcon.colcon_core.shell:Creating environment hook '/home/autodrive_devkit/ros2_laser_scan_matcher/install/ros2_laser_scan_matcher/share/ros2_laser_scan_matcher/hook/cmake_prefix_path.sh'
[8.228s] Level 1:colcon.colcon_core.environment:checking '/home/autodrive_devkit/ros2_laser_scan_matcher/install/ros2_laser_scan_matcher/lib'
[8.228s] Level 1:colcon.colcon_core.environment:checking '/home/autodrive_devkit/ros2_laser_scan_matcher/install/ros2_laser_scan_matcher/bin'
[8.228s] Level 1:colcon.colcon_core.environment:checking '/home/autodrive_devkit/ros2_laser_scan_matcher/install/ros2_laser_scan_matcher/lib/pkgconfig/ros2_laser_scan_matcher.pc'
[8.229s] Level 1:colcon.colcon_core.environment:checking '/home/autodrive_devkit/ros2_laser_scan_matcher/install/ros2_laser_scan_matcher/lib/python3.10/site-packages'
[8.230s] Level 1:colcon.colcon_core.environment:checking '/home/autodrive_devkit/ros2_laser_scan_matcher/install/ros2_laser_scan_matcher/bin'
[8.230s] INFO:colcon.colcon_core.shell:Creating package script '/home/autodrive_devkit/ros2_laser_scan_matcher/install/ros2_laser_scan_matcher/share/ros2_laser_scan_matcher/package.ps1'
[8.230s] INFO:colcon.colcon_core.shell:Creating package descriptor '/home/autodrive_devkit/ros2_laser_scan_matcher/install/ros2_laser_scan_matcher/share/ros2_laser_scan_matcher/package.dsv'
[8.231s] INFO:colcon.colcon_core.shell:Creating package script '/home/autodrive_devkit/ros2_laser_scan_matcher/install/ros2_laser_scan_matcher/share/ros2_laser_scan_matcher/package.sh'
[8.231s] INFO:colcon.colcon_core.shell:Creating package script '/home/autodrive_devkit/ros2_laser_scan_matcher/install/ros2_laser_scan_matcher/share/ros2_laser_scan_matcher/package.bash'
[8.232s] INFO:colcon.colcon_core.shell:Creating package script '/home/autodrive_devkit/ros2_laser_scan_matcher/install/ros2_laser_scan_matcher/share/ros2_laser_scan_matcher/package.zsh'
[8.232s] Level 1:colcon.colcon_core.environment:create_file_with_runtime_dependencies(/home/autodrive_devkit/ros2_laser_scan_matcher/install/ros2_laser_scan_matcher/share/colcon-core/packages/ros2_laser_scan_matcher)
[8.233s] Level 1:colcon.colcon_core.environment:create_environment_scripts_only(ros2_laser_scan_matcher)
[8.233s] Level 1:colcon.colcon_core.environment:checking '/home/autodrive_devkit/ros2_laser_scan_matcher/install/ros2_laser_scan_matcher' for CMake module files
[8.233s] Level 1:colcon.colcon_core.environment:checking '/home/autodrive_devkit/ros2_laser_scan_matcher/install/ros2_laser_scan_matcher' for CMake config files
[8.233s] Level 1:colcon.colcon_core.shell:create_environment_hook('ros2_laser_scan_matcher', 'cmake_prefix_path')
[8.233s] INFO:colcon.colcon_core.shell:Creating environment hook '/home/autodrive_devkit/ros2_laser_scan_matcher/install/ros2_laser_scan_matcher/share/ros2_laser_scan_matcher/hook/cmake_prefix_path.ps1'
[8.234s] INFO:colcon.colcon_core.shell:Creating environment descriptor '/home/autodrive_devkit/ros2_laser_scan_matcher/install/ros2_laser_scan_matcher/share/ros2_laser_scan_matcher/hook/cmake_prefix_path.dsv'
[8.234s] INFO:colcon.colcon_core.shell:Creating environment hook '/home/autodrive_devkit/ros2_laser_scan_matcher/install/ros2_laser_scan_matcher/share/ros2_laser_scan_matcher/hook/cmake_prefix_path.sh'
[8.234s] Level 1:colcon.colcon_core.environment:checking '/home/autodrive_devkit/ros2_laser_scan_matcher/install/ros2_laser_scan_matcher/lib'
[8.234s] Level 1:colcon.colcon_core.environment:checking '/home/autodrive_devkit/ros2_laser_scan_matcher/install/ros2_laser_scan_matcher/bin'
[8.234s] Level 1:colcon.colcon_core.environment:checking '/home/autodrive_devkit/ros2_laser_scan_matcher/install/ros2_laser_scan_matcher/lib/pkgconfig/ros2_laser_scan_matcher.pc'
[8.234s] Level 1:colcon.colcon_core.environment:checking '/home/autodrive_devkit/ros2_laser_scan_matcher/install/ros2_laser_scan_matcher/lib/python3.10/site-packages'
[8.234s] Level 1:colcon.colcon_core.environment:checking '/home/autodrive_devkit/ros2_laser_scan_matcher/install/ros2_laser_scan_matcher/bin'
[8.235s] INFO:colcon.colcon_core.shell:Creating package script '/home/autodrive_devkit/ros2_laser_scan_matcher/install/ros2_laser_scan_matcher/share/ros2_laser_scan_matcher/package.ps1'
[8.235s] INFO:colcon.colcon_core.shell:Creating package descriptor '/home/autodrive_devkit/ros2_laser_scan_matcher/install/ros2_laser_scan_matcher/share/ros2_laser_scan_matcher/package.dsv'
[8.235s] INFO:colcon.colcon_core.shell:Creating package script '/home/autodrive_devkit/ros2_laser_scan_matcher/install/ros2_laser_scan_matcher/share/ros2_laser_scan_matcher/package.sh'
[8.235s] INFO:colcon.colcon_core.shell:Creating package script '/home/autodrive_devkit/ros2_laser_scan_matcher/install/ros2_laser_scan_matcher/share/ros2_laser_scan_matcher/package.bash'
[8.236s] INFO:colcon.colcon_core.shell:Creating package script '/home/autodrive_devkit/ros2_laser_scan_matcher/install/ros2_laser_scan_matcher/share/ros2_laser_scan_matcher/package.zsh'
[8.236s] Level 1:colcon.colcon_core.environment:create_file_with_runtime_dependencies(/home/autodrive_devkit/ros2_laser_scan_matcher/install/ros2_laser_scan_matcher/share/colcon-core/packages/ros2_laser_scan_matcher)
[8.236s] DEBUG:colcon.colcon_parallel_executor.executor.parallel:closing loop
[8.236s] DEBUG:colcon.colcon_parallel_executor.executor.parallel:loop closed
[8.236s] DEBUG:colcon.colcon_parallel_executor.executor.parallel:run_until_complete finished with '0'
[8.236s] DEBUG:colcon.colcon_core.event_reactor:joining thread
[8.240s] INFO:colcon.colcon_core.plugin_system:Skipping extension 'colcon_notification.desktop_notification.notify_send': Could not find 'notify-send'
[8.241s] INFO:colcon.colcon_core.plugin_system:Skipping extension 'colcon_notification.desktop_notification.terminal_notifier': Not used on non-Darwin systems
[8.241s] INFO:colcon.colcon_core.plugin_system:Skipping extension 'colcon_notification.desktop_notification.win32': Not used on non-Windows systems
[8.241s] INFO:colcon.colcon_notification.desktop_notification:Sending desktop notification using 'notify2'
[8.243s] DEBUG:colcon.colcon_notification.desktop_notification.notify2:Failed to initialize notify2: org.freedesktop.DBus.Error.Spawn.ExecFailed: /usr/bin/dbus-launch terminated abnormally without any error message
[8.243s] DEBUG:colcon.colcon_core.event_reactor:joined thread
[8.243s] INFO:colcon.colcon_core.shell:Creating prefix script '/home/autodrive_devkit/ros2_laser_scan_matcher/install/local_setup.ps1'
[8.245s] INFO:colcon.colcon_core.shell:Creating prefix util module '/home/autodrive_devkit/ros2_laser_scan_matcher/install/_local_setup_util_ps1.py'
[8.246s] INFO:colcon.colcon_core.shell:Creating prefix chain script '/home/autodrive_devkit/ros2_laser_scan_matcher/install/setup.ps1'
[8.247s] INFO:colcon.colcon_core.shell:Creating prefix script '/home/autodrive_devkit/ros2_laser_scan_matcher/install/local_setup.sh'
[8.247s] INFO:colcon.colcon_core.shell:Creating prefix util module '/home/autodrive_devkit/ros2_laser_scan_matcher/install/_local_setup_util_sh.py'
[8.248s] INFO:colcon.colcon_core.shell:Creating prefix chain script '/home/autodrive_devkit/ros2_laser_scan_matcher/install/setup.sh'
[8.248s] INFO:colcon.colcon_core.shell:Creating prefix script '/home/autodrive_devkit/ros2_laser_scan_matcher/install/local_setup.bash'
[8.259s] INFO:colcon.colcon_core.shell:Creating prefix chain script '/home/autodrive_devkit/ros2_laser_scan_matcher/install/setup.bash'
[8.260s] INFO:colcon.colcon_core.shell:Creating prefix script '/home/autodrive_devkit/ros2_laser_scan_matcher/install/local_setup.zsh'
[8.261s] INFO:colcon.colcon_core.shell:Creating prefix chain script '/home/autodrive_devkit/ros2_laser_scan_matcher/install/setup.zsh'
