[0.009s] Invoking command in '/home/autodrive_devkit/ros2_laser_scan_matcher/src/new-tf-topic/build/new-tf-topic': CMAKE_PREFIX_PATH=${CMAKE_PREFIX_PATH}:/home/autodrive_devkit/install/autodrive_roboracer:/opt/ros/humble /usr/bin/cmake --build /home/autodrive_devkit/ros2_laser_scan_matcher/src/new-tf-topic/build/new-tf-topic -- -j12 -l12
[0.028s] -- Found ament_cmake: 1.3.11 (/opt/ros/humble/share/ament_cmake/cmake)
[0.122s] -- Override CMake install command with custom implementation using symlinks instead of copying resources
[0.133s] -- Found rclcpp: 16.0.11 (/opt/ros/humble/share/rclcpp/cmake)
[0.157s] -- Found rosidl_generator_c: 3.1.6 (/opt/ros/humble/share/rosidl_generator_c/cmake)
[0.160s] -- Found rosidl_adapter: 3.1.6 (/opt/ros/humble/share/rosidl_adapter/cmake)
[0.167s] -- Found rosidl_generator_cpp: 3.1.6 (/opt/ros/humble/share/rosidl_generator_cpp/cmake)
[0.176s] -- Using all available rosidl_typesupport_c: rosidl_typesupport_fastrtps_c;rosidl_typesupport_introspection_c
[0.187s] -- Using all available rosidl_typesupport_cpp: rosidl_typesupport_fastrtps_cpp;rosidl_typesupport_introspection_cpp
[0.215s] -- Found rmw_implementation_cmake: 6.1.2 (/opt/ros/humble/share/rmw_implementation_cmake/cmake)
[0.217s] -- Found rmw_fastrtps_cpp: 6.2.7 (/opt/ros/humble/share/rmw_fastrtps_cpp/cmake)
[0.297s] -- Using RMW implementation 'rmw_fastrtps_cpp' as default
[0.339s] -- Found tf2: 0.25.12 (/opt/ros/humble/share/tf2/cmake)
[0.349s] -- Found tf2_ros: 0.25.12 (/opt/ros/humble/share/tf2_ros/cmake)
[0.399s] -- Found ament_lint_auto: 0.12.11 (/opt/ros/humble/share/ament_lint_auto/cmake)
[0.455s] -- Added test 'cppcheck' to perform static code analysis on C / C++ code
[0.455s] -- Configured cppcheck include dirs: $<BUILD_INTERFACE:/home/autodrive_devkit/ros2_laser_scan_matcher/src/new-tf-topic/include>
[0.455s] -- Configured cppcheck exclude dirs and/or files: 
[0.455s] -- Added test 'flake8' to check Python code syntax and style conventions
[0.457s] -- Added test 'lint_cmake' to check CMake code style
[0.458s] -- Added test 'pep257' to check Python code against some of the docstring style conventions in PEP 257
[0.463s] -- Added test 'uncrustify' to check C / C++ code style
[0.463s] -- Configured uncrustify additional arguments: 
[0.463s] -- Added test 'xmllint' to check XML markup files
[0.464s] -- Configuring done
[0.472s] -- Generating done
[0.477s] -- Build files have been written to: /home/autodrive_devkit/ros2_laser_scan_matcher/src/new-tf-topic/build/new-tf-topic
[0.498s] [35m[1mConsolidate compiler generated dependencies of target frame_publisher_node[0m
[0.511s] [100%] Built target frame_publisher_node
[0.519s] Invoked command in '/home/autodrive_devkit/ros2_laser_scan_matcher/src/new-tf-topic/build/new-tf-topic' returned '0': CMAKE_PREFIX_PATH=${CMAKE_PREFIX_PATH}:/home/autodrive_devkit/install/autodrive_roboracer:/opt/ros/humble /usr/bin/cmake --build /home/autodrive_devkit/ros2_laser_scan_matcher/src/new-tf-topic/build/new-tf-topic -- -j12 -l12
[0.527s] Invoking command in '/home/autodrive_devkit/ros2_laser_scan_matcher/src/new-tf-topic/build/new-tf-topic': CMAKE_PREFIX_PATH=${CMAKE_PREFIX_PATH}:/home/autodrive_devkit/install/autodrive_roboracer:/opt/ros/humble /usr/bin/cmake --install /home/autodrive_devkit/ros2_laser_scan_matcher/src/new-tf-topic/build/new-tf-topic
[0.534s] -- Install configuration: ""
[0.535s] -- Execute custom install script
[0.535s] -- Up-to-date symlink: /home/autodrive_devkit/ros2_laser_scan_matcher/src/new-tf-topic/install/new-tf-topic/lib/new-tf-topic/frame_publisher_node
[0.536s] -- Symlinking: /home/autodrive_devkit/ros2_laser_scan_matcher/src/new-tf-topic/install/new-tf-topic/share/new-tf-topic/launch/tf_publisher_launch.py
[0.542s] -- Up-to-date symlink: /home/autodrive_devkit/ros2_laser_scan_matcher/src/new-tf-topic/install/new-tf-topic/share/ament_index/resource_index/package_run_dependencies/new-tf-topic
[0.542s] -- Up-to-date symlink: /home/autodrive_devkit/ros2_laser_scan_matcher/src/new-tf-topic/install/new-tf-topic/share/ament_index/resource_index/parent_prefix_path/new-tf-topic
[0.543s] -- Up-to-date symlink: /home/autodrive_devkit/ros2_laser_scan_matcher/src/new-tf-topic/install/new-tf-topic/share/new-tf-topic/environment/ament_prefix_path.sh
[0.543s] -- Up-to-date symlink: /home/autodrive_devkit/ros2_laser_scan_matcher/src/new-tf-topic/install/new-tf-topic/share/new-tf-topic/environment/ament_prefix_path.dsv
[0.543s] -- Up-to-date symlink: /home/autodrive_devkit/ros2_laser_scan_matcher/src/new-tf-topic/install/new-tf-topic/share/new-tf-topic/environment/path.sh
[0.543s] -- Up-to-date symlink: /home/autodrive_devkit/ros2_laser_scan_matcher/src/new-tf-topic/install/new-tf-topic/share/new-tf-topic/environment/path.dsv
[0.543s] -- Up-to-date symlink: /home/autodrive_devkit/ros2_laser_scan_matcher/src/new-tf-topic/install/new-tf-topic/share/new-tf-topic/local_setup.bash
[0.543s] -- Up-to-date symlink: /home/autodrive_devkit/ros2_laser_scan_matcher/src/new-tf-topic/install/new-tf-topic/share/new-tf-topic/local_setup.sh
[0.543s] -- Up-to-date symlink: /home/autodrive_devkit/ros2_laser_scan_matcher/src/new-tf-topic/install/new-tf-topic/share/new-tf-topic/local_setup.zsh
[0.543s] -- Up-to-date symlink: /home/autodrive_devkit/ros2_laser_scan_matcher/src/new-tf-topic/install/new-tf-topic/share/new-tf-topic/local_setup.dsv
[0.543s] -- Symlinking: /home/autodrive_devkit/ros2_laser_scan_matcher/src/new-tf-topic/install/new-tf-topic/share/new-tf-topic/package.dsv
[0.549s] -- Up-to-date symlink: /home/autodrive_devkit/ros2_laser_scan_matcher/src/new-tf-topic/install/new-tf-topic/share/ament_index/resource_index/packages/new-tf-topic
[0.549s] -- Up-to-date symlink: /home/autodrive_devkit/ros2_laser_scan_matcher/src/new-tf-topic/install/new-tf-topic/share/new-tf-topic/cmake/new-tf-topicConfig.cmake
[0.549s] -- Up-to-date symlink: /home/autodrive_devkit/ros2_laser_scan_matcher/src/new-tf-topic/install/new-tf-topic/share/new-tf-topic/cmake/new-tf-topicConfig-version.cmake
[0.549s] -- Up-to-date symlink: /home/autodrive_devkit/ros2_laser_scan_matcher/src/new-tf-topic/install/new-tf-topic/share/new-tf-topic/package.xml
[0.550s] Invoked command in '/home/autodrive_devkit/ros2_laser_scan_matcher/src/new-tf-topic/build/new-tf-topic' returned '0': CMAKE_PREFIX_PATH=${CMAKE_PREFIX_PATH}:/home/autodrive_devkit/install/autodrive_roboracer:/opt/ros/humble /usr/bin/cmake --install /home/autodrive_devkit/ros2_laser_scan_matcher/src/new-tf-topic/build/new-tf-topic
