[0.157s] DEBUG:colcon:Command line arguments: ['/usr/bin/colcon', 'build', '--symlink-install', '--packages-select', 'ros2_laser_scan_matcher']
[0.157s] DEBUG:colcon:Parsed command line arguments: Namespace(log_base=None, log_level=None, verb_name='build', build_base='build', install_base='install', merge_install=False, symlink_install=True, test_result_base=None, continue_on_error=False, executor='parallel', parallel_workers=12, event_handlers=None, ignore_user_meta=False, metas=['./colcon.meta'], base_paths=['.'], packages_ignore=None, packages_ignore_regex=None, paths=None, packages_up_to=None, packages_up_to_regex=None, packages_above=None, packages_above_and_dependencies=None, packages_above_depth=None, packages_select_by_dep=None, packages_skip_by_dep=None, packages_skip_up_to=None, packages_select_build_failed=False, packages_skip_build_finished=False, packages_select_test_failures=False, packages_skip_test_passed=False, packages_select=['ros2_laser_scan_matcher'], packages_skip=None, packages_select_regex=None, packages_skip_regex=None, packages_start=None, packages_end=None, cmake_args=None, cmake_target=None, cmake_target_skip_unavailable=False, cmake_clean_cache=False, cmake_clean_first=False, cmake_force_configure=False, ament_cmake_args=None, catkin_cmake_args=None, catkin_skip_building_tests=False, mixin_files=None, mixin=None, verb_parser=<colcon_mixin.mixin.mixin_argument.MixinArgumentDecorator object at 0x751bef1deb60>, verb_extension=<colcon_core.verb.build.BuildVerb object at 0x751bef408040>, main=<bound method BuildVerb.main of <colcon_core.verb.build.BuildVerb object at 0x751bef408040>>, mixin_verb=('build',))
[0.347s] Level 1:colcon.colcon_core.package_discovery:discover_packages(colcon_meta) check parameters
[0.348s] INFO:colcon.colcon_metadata.package_discovery.colcon_meta:Using configuration from '/root/.colcon/metadata/default/Gazebo.meta'
[0.348s] INFO:colcon.colcon_metadata.package_discovery.colcon_meta:Using configuration from '/root/.colcon/metadata/default/fastrtps.meta'
[0.349s] Level 1:colcon.colcon_core.package_discovery:discover_packages(recursive) check parameters
[0.349s] Level 1:colcon.colcon_core.package_discovery:discover_packages(ignore) check parameters
[0.349s] Level 1:colcon.colcon_core.package_discovery:discover_packages(path) check parameters
[0.349s] Level 1:colcon.colcon_core.package_discovery:discover_packages(colcon_meta) discover
[0.349s] Level 1:colcon.colcon_core.package_discovery:discover_packages(recursive) discover
[0.349s] INFO:colcon.colcon_core.package_discovery:Crawling recursively for packages in '/home/autodrive_devkit/ros2_laser_scan_matcher'
[0.349s] Level 1:colcon.colcon_core.package_identification:_identify(.) by extensions ['ignore', 'ignore_ament_install']
[0.349s] Level 1:colcon.colcon_core.package_identification:_identify(.) by extension 'ignore'
[0.349s] Level 1:colcon.colcon_core.package_identification:_identify(.) by extension 'ignore_ament_install'
[0.349s] Level 1:colcon.colcon_core.package_identification:_identify(.) by extensions ['colcon_pkg']
[0.349s] Level 1:colcon.colcon_core.package_identification:_identify(.) by extension 'colcon_pkg'
[0.349s] Level 1:colcon.colcon_core.package_identification:_identify(.) by extensions ['colcon_meta']
[0.349s] Level 1:colcon.colcon_core.package_identification:_identify(.) by extension 'colcon_meta'
[0.349s] Level 1:colcon.colcon_core.package_identification:_identify(.) by extensions ['ros']
[0.349s] Level 1:colcon.colcon_core.package_identification:_identify(.) by extension 'ros'
[0.360s] DEBUG:colcon.colcon_core.package_identification:Package '.' with type 'ros.ament_cmake' and name 'ros2_laser_scan_matcher'
[0.360s] Level 1:colcon.colcon_core.package_discovery:discover_packages(recursive) using defaults
[0.360s] Level 1:colcon.colcon_core.package_discovery:discover_packages(ignore) discover
[0.360s] Level 1:colcon.colcon_core.package_discovery:discover_packages(ignore) using defaults
[0.360s] Level 1:colcon.colcon_core.package_discovery:discover_packages(path) discover
[0.360s] Level 1:colcon.colcon_core.package_discovery:discover_packages(path) using defaults
[0.381s] Level 5:colcon.colcon_core.verb:set package 'ros2_laser_scan_matcher' build argument 'cmake_args' from command line to 'None'
[0.381s] Level 5:colcon.colcon_core.verb:set package 'ros2_laser_scan_matcher' build argument 'cmake_target' from command line to 'None'
[0.381s] Level 5:colcon.colcon_core.verb:set package 'ros2_laser_scan_matcher' build argument 'cmake_target_skip_unavailable' from command line to 'False'
[0.381s] Level 5:colcon.colcon_core.verb:set package 'ros2_laser_scan_matcher' build argument 'cmake_clean_cache' from command line to 'False'
[0.381s] Level 5:colcon.colcon_core.verb:set package 'ros2_laser_scan_matcher' build argument 'cmake_clean_first' from command line to 'False'
[0.381s] Level 5:colcon.colcon_core.verb:set package 'ros2_laser_scan_matcher' build argument 'cmake_force_configure' from command line to 'False'
[0.381s] Level 5:colcon.colcon_core.verb:set package 'ros2_laser_scan_matcher' build argument 'ament_cmake_args' from command line to 'None'
[0.381s] Level 5:colcon.colcon_core.verb:set package 'ros2_laser_scan_matcher' build argument 'catkin_cmake_args' from command line to 'None'
[0.381s] Level 5:colcon.colcon_core.verb:set package 'ros2_laser_scan_matcher' build argument 'catkin_skip_building_tests' from command line to 'False'
[0.381s] DEBUG:colcon.colcon_core.verb:Building package 'ros2_laser_scan_matcher' with the following arguments: {'ament_cmake_args': None, 'build_base': '/home/autodrive_devkit/ros2_laser_scan_matcher/build/ros2_laser_scan_matcher', 'catkin_cmake_args': None, 'catkin_skip_building_tests': False, 'cmake_args': None, 'cmake_clean_cache': False, 'cmake_clean_first': False, 'cmake_force_configure': False, 'cmake_target': None, 'cmake_target_skip_unavailable': False, 'install_base': '/home/autodrive_devkit/ros2_laser_scan_matcher/install/ros2_laser_scan_matcher', 'merge_install': False, 'path': '/home/autodrive_devkit/ros2_laser_scan_matcher', 'symlink_install': True, 'test_result_base': None}
[0.381s] INFO:colcon.colcon_core.executor:Executing jobs using 'parallel' executor
[0.382s] DEBUG:colcon.colcon_parallel_executor.executor.parallel:run_until_complete
[0.382s] INFO:colcon.colcon_ros.task.ament_cmake.build:Building ROS package in '/home/autodrive_devkit/ros2_laser_scan_matcher' with build type 'ament_cmake'
[0.382s] INFO:colcon.colcon_cmake.task.cmake.build:Building CMake package in '/home/autodrive_devkit/ros2_laser_scan_matcher'
[0.385s] INFO:colcon.colcon_core.plugin_system:Skipping extension 'colcon_core.shell.bat': Not used on non-Windows systems
[0.386s] INFO:colcon.colcon_core.shell:Skip shell extension 'powershell' for command environment: Not usable outside of PowerShell
[0.386s] DEBUG:colcon.colcon_core.shell:Skip shell extension 'dsv' for command environment
[0.394s] DEBUG:colcon.colcon_core.event_handler.log_command:Invoking command in '/home/autodrive_devkit/ros2_laser_scan_matcher/build/ros2_laser_scan_matcher': CMAKE_PREFIX_PATH=/opt/ros/humble /usr/bin/cmake /home/autodrive_devkit/ros2_laser_scan_matcher -DAMENT_CMAKE_SYMLINK_INSTALL=1 -DCMAKE_INSTALL_PREFIX=/home/autodrive_devkit/ros2_laser_scan_matcher/install/ros2_laser_scan_matcher
[1.498s] DEBUG:colcon.colcon_core.event_handler.log_command:Invoked command in '/home/autodrive_devkit/ros2_laser_scan_matcher/build/ros2_laser_scan_matcher' returned '0': CMAKE_PREFIX_PATH=/opt/ros/humble /usr/bin/cmake /home/autodrive_devkit/ros2_laser_scan_matcher -DAMENT_CMAKE_SYMLINK_INSTALL=1 -DCMAKE_INSTALL_PREFIX=/home/autodrive_devkit/ros2_laser_scan_matcher/install/ros2_laser_scan_matcher
[1.499s] DEBUG:colcon.colcon_core.event_handler.log_command:Invoking command in '/home/autodrive_devkit/ros2_laser_scan_matcher/build/ros2_laser_scan_matcher': CMAKE_PREFIX_PATH=/opt/ros/humble /usr/bin/cmake --build /home/autodrive_devkit/ros2_laser_scan_matcher/build/ros2_laser_scan_matcher -- -j12 -l12
[10.738s] DEBUG:colcon.colcon_core.event_handler.log_command:Invoked command in '/home/autodrive_devkit/ros2_laser_scan_matcher/build/ros2_laser_scan_matcher' returned '0': CMAKE_PREFIX_PATH=/opt/ros/humble /usr/bin/cmake --build /home/autodrive_devkit/ros2_laser_scan_matcher/build/ros2_laser_scan_matcher -- -j12 -l12
[10.746s] DEBUG:colcon.colcon_core.event_handler.log_command:Invoking command in '/home/autodrive_devkit/ros2_laser_scan_matcher/build/ros2_laser_scan_matcher': CMAKE_PREFIX_PATH=/opt/ros/humble /usr/bin/cmake --install /home/autodrive_devkit/ros2_laser_scan_matcher/build/ros2_laser_scan_matcher
[10.850s] Level 1:colcon.colcon_core.environment:create_environment_scripts_only(ros2_laser_scan_matcher)
[10.850s] DEBUG:colcon.colcon_core.event_handler.log_command:Invoked command in '/home/autodrive_devkit/ros2_laser_scan_matcher/build/ros2_laser_scan_matcher' returned '0': CMAKE_PREFIX_PATH=/opt/ros/humble /usr/bin/cmake --install /home/autodrive_devkit/ros2_laser_scan_matcher/build/ros2_laser_scan_matcher
[10.857s] Level 1:colcon.colcon_core.environment:checking '/home/autodrive_devkit/ros2_laser_scan_matcher/install/ros2_laser_scan_matcher' for CMake module files
[10.857s] Level 1:colcon.colcon_core.environment:checking '/home/autodrive_devkit/ros2_laser_scan_matcher/install/ros2_laser_scan_matcher' for CMake config files
[10.858s] Level 1:colcon.colcon_core.shell:create_environment_hook('ros2_laser_scan_matcher', 'cmake_prefix_path')
[10.858s] INFO:colcon.colcon_core.shell:Creating environment hook '/home/autodrive_devkit/ros2_laser_scan_matcher/install/ros2_laser_scan_matcher/share/ros2_laser_scan_matcher/hook/cmake_prefix_path.ps1'
[10.859s] INFO:colcon.colcon_core.shell:Creating environment descriptor '/home/autodrive_devkit/ros2_laser_scan_matcher/install/ros2_laser_scan_matcher/share/ros2_laser_scan_matcher/hook/cmake_prefix_path.dsv'
[10.860s] INFO:colcon.colcon_core.shell:Creating environment hook '/home/autodrive_devkit/ros2_laser_scan_matcher/install/ros2_laser_scan_matcher/share/ros2_laser_scan_matcher/hook/cmake_prefix_path.sh'
[10.861s] Level 1:colcon.colcon_core.environment:checking '/home/autodrive_devkit/ros2_laser_scan_matcher/install/ros2_laser_scan_matcher/lib'
[10.861s] Level 1:colcon.colcon_core.environment:checking '/home/autodrive_devkit/ros2_laser_scan_matcher/install/ros2_laser_scan_matcher/bin'
[10.861s] Level 1:colcon.colcon_core.environment:checking '/home/autodrive_devkit/ros2_laser_scan_matcher/install/ros2_laser_scan_matcher/lib/pkgconfig/ros2_laser_scan_matcher.pc'
[10.862s] Level 1:colcon.colcon_core.environment:checking '/home/autodrive_devkit/ros2_laser_scan_matcher/install/ros2_laser_scan_matcher/lib/python3.10/site-packages'
[10.863s] Level 1:colcon.colcon_core.environment:checking '/home/autodrive_devkit/ros2_laser_scan_matcher/install/ros2_laser_scan_matcher/bin'
[10.863s] INFO:colcon.colcon_core.shell:Creating package script '/home/autodrive_devkit/ros2_laser_scan_matcher/install/ros2_laser_scan_matcher/share/ros2_laser_scan_matcher/package.ps1'
[10.864s] INFO:colcon.colcon_core.shell:Creating package descriptor '/home/autodrive_devkit/ros2_laser_scan_matcher/install/ros2_laser_scan_matcher/share/ros2_laser_scan_matcher/package.dsv'
[10.864s] INFO:colcon.colcon_core.shell:Creating package script '/home/autodrive_devkit/ros2_laser_scan_matcher/install/ros2_laser_scan_matcher/share/ros2_laser_scan_matcher/package.sh'
[10.865s] INFO:colcon.colcon_core.shell:Creating package script '/home/autodrive_devkit/ros2_laser_scan_matcher/install/ros2_laser_scan_matcher/share/ros2_laser_scan_matcher/package.bash'
[10.866s] INFO:colcon.colcon_core.shell:Creating package script '/home/autodrive_devkit/ros2_laser_scan_matcher/install/ros2_laser_scan_matcher/share/ros2_laser_scan_matcher/package.zsh'
[10.866s] Level 1:colcon.colcon_core.environment:create_file_with_runtime_dependencies(/home/autodrive_devkit/ros2_laser_scan_matcher/install/ros2_laser_scan_matcher/share/colcon-core/packages/ros2_laser_scan_matcher)
[10.867s] Level 1:colcon.colcon_core.environment:create_environment_scripts_only(ros2_laser_scan_matcher)
[10.867s] Level 1:colcon.colcon_core.environment:checking '/home/autodrive_devkit/ros2_laser_scan_matcher/install/ros2_laser_scan_matcher' for CMake module files
[10.867s] Level 1:colcon.colcon_core.environment:checking '/home/autodrive_devkit/ros2_laser_scan_matcher/install/ros2_laser_scan_matcher' for CMake config files
[10.868s] Level 1:colcon.colcon_core.shell:create_environment_hook('ros2_laser_scan_matcher', 'cmake_prefix_path')
[10.868s] INFO:colcon.colcon_core.shell:Creating environment hook '/home/autodrive_devkit/ros2_laser_scan_matcher/install/ros2_laser_scan_matcher/share/ros2_laser_scan_matcher/hook/cmake_prefix_path.ps1'
[10.868s] INFO:colcon.colcon_core.shell:Creating environment descriptor '/home/autodrive_devkit/ros2_laser_scan_matcher/install/ros2_laser_scan_matcher/share/ros2_laser_scan_matcher/hook/cmake_prefix_path.dsv'
[10.868s] INFO:colcon.colcon_core.shell:Creating environment hook '/home/autodrive_devkit/ros2_laser_scan_matcher/install/ros2_laser_scan_matcher/share/ros2_laser_scan_matcher/hook/cmake_prefix_path.sh'
[10.869s] Level 1:colcon.colcon_core.environment:checking '/home/autodrive_devkit/ros2_laser_scan_matcher/install/ros2_laser_scan_matcher/lib'
[10.869s] Level 1:colcon.colcon_core.environment:checking '/home/autodrive_devkit/ros2_laser_scan_matcher/install/ros2_laser_scan_matcher/bin'
[10.869s] Level 1:colcon.colcon_core.environment:checking '/home/autodrive_devkit/ros2_laser_scan_matcher/install/ros2_laser_scan_matcher/lib/pkgconfig/ros2_laser_scan_matcher.pc'
[10.869s] Level 1:colcon.colcon_core.environment:checking '/home/autodrive_devkit/ros2_laser_scan_matcher/install/ros2_laser_scan_matcher/lib/python3.10/site-packages'
[10.869s] Level 1:colcon.colcon_core.environment:checking '/home/autodrive_devkit/ros2_laser_scan_matcher/install/ros2_laser_scan_matcher/bin'
[10.869s] INFO:colcon.colcon_core.shell:Creating package script '/home/autodrive_devkit/ros2_laser_scan_matcher/install/ros2_laser_scan_matcher/share/ros2_laser_scan_matcher/package.ps1'
[10.869s] INFO:colcon.colcon_core.shell:Creating package descriptor '/home/autodrive_devkit/ros2_laser_scan_matcher/install/ros2_laser_scan_matcher/share/ros2_laser_scan_matcher/package.dsv'
[10.870s] INFO:colcon.colcon_core.shell:Creating package script '/home/autodrive_devkit/ros2_laser_scan_matcher/install/ros2_laser_scan_matcher/share/ros2_laser_scan_matcher/package.sh'
[10.870s] INFO:colcon.colcon_core.shell:Creating package script '/home/autodrive_devkit/ros2_laser_scan_matcher/install/ros2_laser_scan_matcher/share/ros2_laser_scan_matcher/package.bash'
[10.870s] INFO:colcon.colcon_core.shell:Creating package script '/home/autodrive_devkit/ros2_laser_scan_matcher/install/ros2_laser_scan_matcher/share/ros2_laser_scan_matcher/package.zsh'
[10.870s] Level 1:colcon.colcon_core.environment:create_file_with_runtime_dependencies(/home/autodrive_devkit/ros2_laser_scan_matcher/install/ros2_laser_scan_matcher/share/colcon-core/packages/ros2_laser_scan_matcher)
[10.871s] DEBUG:colcon.colcon_parallel_executor.executor.parallel:closing loop
[10.871s] DEBUG:colcon.colcon_parallel_executor.executor.parallel:loop closed
[10.871s] DEBUG:colcon.colcon_parallel_executor.executor.parallel:run_until_complete finished with '0'
[10.871s] DEBUG:colcon.colcon_core.event_reactor:joining thread
[10.881s] INFO:colcon.colcon_core.plugin_system:Skipping extension 'colcon_notification.desktop_notification.notify_send': Could not find 'notify-send'
[10.881s] INFO:colcon.colcon_core.plugin_system:Skipping extension 'colcon_notification.desktop_notification.terminal_notifier': Not used on non-Darwin systems
[10.881s] INFO:colcon.colcon_core.plugin_system:Skipping extension 'colcon_notification.desktop_notification.win32': Not used on non-Windows systems
[10.881s] INFO:colcon.colcon_notification.desktop_notification:Sending desktop notification using 'notify2'
[10.883s] DEBUG:colcon.colcon_notification.desktop_notification.notify2:Failed to initialize notify2: org.freedesktop.DBus.Error.Spawn.ExecFailed: /usr/bin/dbus-launch terminated abnormally without any error message
[10.884s] DEBUG:colcon.colcon_core.event_reactor:joined thread
[10.884s] INFO:colcon.colcon_core.shell:Creating prefix script '/home/autodrive_devkit/ros2_laser_scan_matcher/install/local_setup.ps1'
[10.885s] INFO:colcon.colcon_core.shell:Creating prefix util module '/home/autodrive_devkit/ros2_laser_scan_matcher/install/_local_setup_util_ps1.py'
[10.886s] INFO:colcon.colcon_core.shell:Creating prefix chain script '/home/autodrive_devkit/ros2_laser_scan_matcher/install/setup.ps1'
[10.887s] INFO:colcon.colcon_core.shell:Creating prefix script '/home/autodrive_devkit/ros2_laser_scan_matcher/install/local_setup.sh'
[10.887s] INFO:colcon.colcon_core.shell:Creating prefix util module '/home/autodrive_devkit/ros2_laser_scan_matcher/install/_local_setup_util_sh.py'
[10.887s] INFO:colcon.colcon_core.shell:Creating prefix chain script '/home/autodrive_devkit/ros2_laser_scan_matcher/install/setup.sh'
[10.888s] INFO:colcon.colcon_core.shell:Creating prefix script '/home/autodrive_devkit/ros2_laser_scan_matcher/install/local_setup.bash'
[10.900s] INFO:colcon.colcon_core.shell:Creating prefix chain script '/home/autodrive_devkit/ros2_laser_scan_matcher/install/setup.bash'
[10.901s] INFO:colcon.colcon_core.shell:Creating prefix script '/home/autodrive_devkit/ros2_laser_scan_matcher/install/local_setup.zsh'
[10.901s] INFO:colcon.colcon_core.shell:Creating prefix chain script '/home/autodrive_devkit/ros2_laser_scan_matcher/install/setup.zsh'
